Performing C SOURCE FILE Test CMAKE_HAVE_LIBC_PTHREAD failed with the following output:
Change Dir: /home/dinh/catkin_ws/src/ur3e_control/build/CMakeFiles/CMakeTmp

Run Build Command(s):/usr/bin/make cmTC_d202d/fast && /usr/bin/make -f CMakeFiles/cmTC_d202d.dir/build.make CMakeFiles/cmTC_d202d.dir/build
make[1]: Entering directory '/home/dinh/catkin_ws/src/ur3e_control/build/CMakeFiles/CMakeTmp'
Building C object CMakeFiles/cmTC_d202d.dir/src.c.o
/usr/bin/cc   -DCMAKE_HAVE_LIBC_PTHREAD   -o CMakeFiles/cmTC_d202d.dir/src.c.o   -c /home/dinh/catkin_ws/src/ur3e_control/build/CMakeFiles/CMakeTmp/src.c
Linking C executable cmTC_d202d
/usr/bin/cmake -E cmake_link_script CMakeFiles/cmTC_d202d.dir/link.txt --verbose=1
/usr/bin/cc  -DCMAKE_HAVE_LIBC_PTHREAD    -rdynamic CMakeFiles/cmTC_d202d.dir/src.c.o  -o cmTC_d202d 
/usr/bin/ld: CMakeFiles/cmTC_d202d.dir/src.c.o: in function `main':
src.c:(.text+0x46): undefined reference to `pthread_create'
/usr/bin/ld: src.c:(.text+0x52): undefined reference to `pthread_detach'
/usr/bin/ld: src.c:(.text+0x63): undefined reference to `pthread_join'
collect2: error: ld returned 1 exit status
make[1]: *** [CMakeFiles/cmTC_d202d.dir/build.make:87: cmTC_d202d] Error 1
make[1]: Leaving directory '/home/dinh/catkin_ws/src/ur3e_control/build/CMakeFiles/CMakeTmp'
make: *** [Makefile:121: cmTC_d202d/fast] Error 2


Source file was:
#include <pthread.h>

void* test_func(void* data)
{
  return data;
}

int main(void)
{
  pthread_t thread;
  pthread_create(&thread, NULL, test_func, NULL);
  pthread_detach(thread);
  pthread_join(thread, NULL);
  pthread_atfork(NULL, NULL, NULL);
  pthread_exit(NULL);

  return 0;
}

Determining if the function pthread_create exists in the pthreads failed with the following output:
Change Dir: /home/dinh/catkin_ws/src/ur3e_control/build/CMakeFiles/CMakeTmp

Run Build Command(s):/usr/bin/make cmTC_9b866/fast && /usr/bin/make -f CMakeFiles/cmTC_9b866.dir/build.make CMakeFiles/cmTC_9b866.dir/build
make[1]: Entering directory '/home/dinh/catkin_ws/src/ur3e_control/build/CMakeFiles/CMakeTmp'
Building C object CMakeFiles/cmTC_9b866.dir/CheckFunctionExists.c.o
/usr/bin/cc   -DCHECK_FUNCTION_EXISTS=pthread_create   -o CMakeFiles/cmTC_9b866.dir/CheckFunctionExists.c.o   -c /usr/share/cmake-3.16/Modules/CheckFunctionExists.c
Linking C executable cmTC_9b866
/usr/bin/cmake -E cmake_link_script CMakeFiles/cmTC_9b866.dir/link.txt --verbose=1
/usr/bin/cc  -DCHECK_FUNCTION_EXISTS=pthread_create    -rdynamic CMakeFiles/cmTC_9b866.dir/CheckFunctionExists.c.o  -o cmTC_9b866  -lpthreads 
/usr/bin/ld: cannot find -lpthreads
collect2: error: ld returned 1 exit status
make[1]: *** [CMakeFiles/cmTC_9b866.dir/build.make:87: cmTC_9b866] Error 1
make[1]: Leaving directory '/home/dinh/catkin_ws/src/ur3e_control/build/CMakeFiles/CMakeTmp'
make: *** [Makefile:121: cmTC_9b866/fast] Error 2



Performing C SOURCE FILE Test CMAKE_HAVE_LIBC_PTHREAD failed with the following output:
Change Dir: /home/dinh/catkin_ws/src/ur3e_control/build/CMakeFiles/CMakeTmp

Run Build Command(s):/usr/bin/make cmTC_f431f/fast && /usr/bin/make -f CMakeFiles/cmTC_f431f.dir/build.make CMakeFiles/cmTC_f431f.dir/build
make[1]: Entering directory '/home/dinh/catkin_ws/src/ur3e_control/build/CMakeFiles/CMakeTmp'
Building C object CMakeFiles/cmTC_f431f.dir/src.c.o
/usr/bin/cc   -DCMAKE_HAVE_LIBC_PTHREAD   -o CMakeFiles/cmTC_f431f.dir/src.c.o   -c /home/dinh/catkin_ws/src/ur3e_control/build/CMakeFiles/CMakeTmp/src.c
Linking C executable cmTC_f431f
/usr/bin/cmake -E cmake_link_script CMakeFiles/cmTC_f431f.dir/link.txt --verbose=1
/usr/bin/cc  -DCMAKE_HAVE_LIBC_PTHREAD    -rdynamic CMakeFiles/cmTC_f431f.dir/src.c.o  -o cmTC_f431f 
/usr/bin/ld: CMakeFiles/cmTC_f431f.dir/src.c.o: in function `main':
src.c:(.text+0x46): undefined reference to `pthread_create'
/usr/bin/ld: src.c:(.text+0x52): undefined reference to `pthread_detach'
/usr/bin/ld: src.c:(.text+0x63): undefined reference to `pthread_join'
collect2: error: ld returned 1 exit status
make[1]: *** [CMakeFiles/cmTC_f431f.dir/build.make:87: cmTC_f431f] Error 1
make[1]: Leaving directory '/home/dinh/catkin_ws/src/ur3e_control/build/CMakeFiles/CMakeTmp'
make: *** [Makefile:121: cmTC_f431f/fast] Error 2


Source file was:
#include <pthread.h>

void* test_func(void* data)
{
  return data;
}

int main(void)
{
  pthread_t thread;
  pthread_create(&thread, NULL, test_func, NULL);
  pthread_detach(thread);
  pthread_join(thread, NULL);
  pthread_atfork(NULL, NULL, NULL);
  pthread_exit(NULL);

  return 0;
}

Determining if the function pthread_create exists in the pthreads failed with the following output:
Change Dir: /home/dinh/catkin_ws/src/ur3e_control/build/CMakeFiles/CMakeTmp

Run Build Command(s):/usr/bin/make cmTC_15748/fast && /usr/bin/make -f CMakeFiles/cmTC_15748.dir/build.make CMakeFiles/cmTC_15748.dir/build
make[1]: Entering directory '/home/dinh/catkin_ws/src/ur3e_control/build/CMakeFiles/CMakeTmp'
Building C object CMakeFiles/cmTC_15748.dir/CheckFunctionExists.c.o
/usr/bin/cc   -DCHECK_FUNCTION_EXISTS=pthread_create   -o CMakeFiles/cmTC_15748.dir/CheckFunctionExists.c.o   -c /usr/share/cmake-3.16/Modules/CheckFunctionExists.c
Linking C executable cmTC_15748
/usr/bin/cmake -E cmake_link_script CMakeFiles/cmTC_15748.dir/link.txt --verbose=1
/usr/bin/cc  -DCHECK_FUNCTION_EXISTS=pthread_create    -rdynamic CMakeFiles/cmTC_15748.dir/CheckFunctionExists.c.o  -o cmTC_15748  -lpthreads 
/usr/bin/ld: cannot find -lpthreads
collect2: error: ld returned 1 exit status
make[1]: *** [CMakeFiles/cmTC_15748.dir/build.make:87: cmTC_15748] Error 1
make[1]: Leaving directory '/home/dinh/catkin_ws/src/ur3e_control/build/CMakeFiles/CMakeTmp'
make: *** [Makefile:121: cmTC_15748/fast] Error 2



Performing C SOURCE FILE Test CMAKE_HAVE_LIBC_PTHREAD failed with the following output:
Change Dir: /home/dinh/catkin_ws/src/ur3e_control/build/CMakeFiles/CMakeTmp

Run Build Command(s):/usr/bin/make cmTC_7b9cb/fast && /usr/bin/make -f CMakeFiles/cmTC_7b9cb.dir/build.make CMakeFiles/cmTC_7b9cb.dir/build
make[1]: Entering directory '/home/dinh/catkin_ws/src/ur3e_control/build/CMakeFiles/CMakeTmp'
Building C object CMakeFiles/cmTC_7b9cb.dir/src.c.o
/usr/bin/cc   -DCMAKE_HAVE_LIBC_PTHREAD   -o CMakeFiles/cmTC_7b9cb.dir/src.c.o   -c /home/dinh/catkin_ws/src/ur3e_control/build/CMakeFiles/CMakeTmp/src.c
Linking C executable cmTC_7b9cb
/usr/bin/cmake -E cmake_link_script CMakeFiles/cmTC_7b9cb.dir/link.txt --verbose=1
/usr/bin/cc  -DCMAKE_HAVE_LIBC_PTHREAD    -rdynamic CMakeFiles/cmTC_7b9cb.dir/src.c.o  -o cmTC_7b9cb 
/usr/bin/ld: CMakeFiles/cmTC_7b9cb.dir/src.c.o: in function `main':
src.c:(.text+0x46): undefined reference to `pthread_create'
/usr/bin/ld: src.c:(.text+0x52): undefined reference to `pthread_detach'
/usr/bin/ld: src.c:(.text+0x63): undefined reference to `pthread_join'
collect2: error: ld returned 1 exit status
make[1]: *** [CMakeFiles/cmTC_7b9cb.dir/build.make:87: cmTC_7b9cb] Error 1
make[1]: Leaving directory '/home/dinh/catkin_ws/src/ur3e_control/build/CMakeFiles/CMakeTmp'
make: *** [Makefile:121: cmTC_7b9cb/fast] Error 2


Source file was:
#include <pthread.h>

void* test_func(void* data)
{
  return data;
}

int main(void)
{
  pthread_t thread;
  pthread_create(&thread, NULL, test_func, NULL);
  pthread_detach(thread);
  pthread_join(thread, NULL);
  pthread_atfork(NULL, NULL, NULL);
  pthread_exit(NULL);

  return 0;
}

Determining if the function pthread_create exists in the pthreads failed with the following output:
Change Dir: /home/dinh/catkin_ws/src/ur3e_control/build/CMakeFiles/CMakeTmp

Run Build Command(s):/usr/bin/make cmTC_f428f/fast && /usr/bin/make -f CMakeFiles/cmTC_f428f.dir/build.make CMakeFiles/cmTC_f428f.dir/build
make[1]: Entering directory '/home/dinh/catkin_ws/src/ur3e_control/build/CMakeFiles/CMakeTmp'
Building C object CMakeFiles/cmTC_f428f.dir/CheckFunctionExists.c.o
/usr/bin/cc   -DCHECK_FUNCTION_EXISTS=pthread_create   -o CMakeFiles/cmTC_f428f.dir/CheckFunctionExists.c.o   -c /usr/share/cmake-3.16/Modules/CheckFunctionExists.c
Linking C executable cmTC_f428f
/usr/bin/cmake -E cmake_link_script CMakeFiles/cmTC_f428f.dir/link.txt --verbose=1
/usr/bin/cc  -DCHECK_FUNCTION_EXISTS=pthread_create    -rdynamic CMakeFiles/cmTC_f428f.dir/CheckFunctionExists.c.o  -o cmTC_f428f  -lpthreads 
/usr/bin/ld: cannot find -lpthreads
collect2: error: ld returned 1 exit status
make[1]: *** [CMakeFiles/cmTC_f428f.dir/build.make:87: cmTC_f428f] Error 1
make[1]: Leaving directory '/home/dinh/catkin_ws/src/ur3e_control/build/CMakeFiles/CMakeTmp'
make: *** [Makefile:121: cmTC_f428f/fast] Error 2



Performing C SOURCE FILE Test CMAKE_HAVE_LIBC_PTHREAD failed with the following output:
Change Dir: /home/dinh/catkin_ws/src/ur3e_control/build/CMakeFiles/CMakeTmp

Run Build Command(s):/usr/bin/make cmTC_d2fc8/fast && /usr/bin/make -f CMakeFiles/cmTC_d2fc8.dir/build.make CMakeFiles/cmTC_d2fc8.dir/build
make[1]: Entering directory '/home/dinh/catkin_ws/src/ur3e_control/build/CMakeFiles/CMakeTmp'
Building C object CMakeFiles/cmTC_d2fc8.dir/src.c.o
/usr/bin/cc   -DCMAKE_HAVE_LIBC_PTHREAD   -o CMakeFiles/cmTC_d2fc8.dir/src.c.o   -c /home/dinh/catkin_ws/src/ur3e_control/build/CMakeFiles/CMakeTmp/src.c
Linking C executable cmTC_d2fc8
/usr/bin/cmake -E cmake_link_script CMakeFiles/cmTC_d2fc8.dir/link.txt --verbose=1
/usr/bin/cc  -DCMAKE_HAVE_LIBC_PTHREAD    -rdynamic CMakeFiles/cmTC_d2fc8.dir/src.c.o  -o cmTC_d2fc8 
/usr/bin/ld: CMakeFiles/cmTC_d2fc8.dir/src.c.o: in function `main':
src.c:(.text+0x46): undefined reference to `pthread_create'
/usr/bin/ld: src.c:(.text+0x52): undefined reference to `pthread_detach'
/usr/bin/ld: src.c:(.text+0x63): undefined reference to `pthread_join'
collect2: error: ld returned 1 exit status
make[1]: *** [CMakeFiles/cmTC_d2fc8.dir/build.make:87: cmTC_d2fc8] Error 1
make[1]: Leaving directory '/home/dinh/catkin_ws/src/ur3e_control/build/CMakeFiles/CMakeTmp'
make: *** [Makefile:121: cmTC_d2fc8/fast] Error 2


Source file was:
#include <pthread.h>

void* test_func(void* data)
{
  return data;
}

int main(void)
{
  pthread_t thread;
  pthread_create(&thread, NULL, test_func, NULL);
  pthread_detach(thread);
  pthread_join(thread, NULL);
  pthread_atfork(NULL, NULL, NULL);
  pthread_exit(NULL);

  return 0;
}

Determining if the function pthread_create exists in the pthreads failed with the following output:
Change Dir: /home/dinh/catkin_ws/src/ur3e_control/build/CMakeFiles/CMakeTmp

Run Build Command(s):/usr/bin/make cmTC_d8300/fast && /usr/bin/make -f CMakeFiles/cmTC_d8300.dir/build.make CMakeFiles/cmTC_d8300.dir/build
make[1]: Entering directory '/home/dinh/catkin_ws/src/ur3e_control/build/CMakeFiles/CMakeTmp'
Building C object CMakeFiles/cmTC_d8300.dir/CheckFunctionExists.c.o
/usr/bin/cc   -DCHECK_FUNCTION_EXISTS=pthread_create   -o CMakeFiles/cmTC_d8300.dir/CheckFunctionExists.c.o   -c /usr/share/cmake-3.16/Modules/CheckFunctionExists.c
Linking C executable cmTC_d8300
/usr/bin/cmake -E cmake_link_script CMakeFiles/cmTC_d8300.dir/link.txt --verbose=1
/usr/bin/cc  -DCHECK_FUNCTION_EXISTS=pthread_create    -rdynamic CMakeFiles/cmTC_d8300.dir/CheckFunctionExists.c.o  -o cmTC_d8300  -lpthreads 
/usr/bin/ld: cannot find -lpthreads
collect2: error: ld returned 1 exit status
make[1]: *** [CMakeFiles/cmTC_d8300.dir/build.make:87: cmTC_d8300] Error 1
make[1]: Leaving directory '/home/dinh/catkin_ws/src/ur3e_control/build/CMakeFiles/CMakeTmp'
make: *** [Makefile:121: cmTC_d8300/fast] Error 2



Performing C SOURCE FILE Test CMAKE_HAVE_LIBC_PTHREAD failed with the following output:
Change Dir: /home/dinh/catkin_ws/src/ur3e_control/build/CMakeFiles/CMakeTmp

Run Build Command(s):/usr/bin/make cmTC_48e19/fast && /usr/bin/make -f CMakeFiles/cmTC_48e19.dir/build.make CMakeFiles/cmTC_48e19.dir/build
make[1]: Entering directory '/home/dinh/catkin_ws/src/ur3e_control/build/CMakeFiles/CMakeTmp'
Building C object CMakeFiles/cmTC_48e19.dir/src.c.o
/usr/bin/cc   -DCMAKE_HAVE_LIBC_PTHREAD   -o CMakeFiles/cmTC_48e19.dir/src.c.o   -c /home/dinh/catkin_ws/src/ur3e_control/build/CMakeFiles/CMakeTmp/src.c
Linking C executable cmTC_48e19
/usr/bin/cmake -E cmake_link_script CMakeFiles/cmTC_48e19.dir/link.txt --verbose=1
/usr/bin/cc  -DCMAKE_HAVE_LIBC_PTHREAD    -rdynamic CMakeFiles/cmTC_48e19.dir/src.c.o  -o cmTC_48e19 
/usr/bin/ld: CMakeFiles/cmTC_48e19.dir/src.c.o: in function `main':
src.c:(.text+0x46): undefined reference to `pthread_create'
/usr/bin/ld: src.c:(.text+0x52): undefined reference to `pthread_detach'
/usr/bin/ld: src.c:(.text+0x63): undefined reference to `pthread_join'
collect2: error: ld returned 1 exit status
make[1]: *** [CMakeFiles/cmTC_48e19.dir/build.make:87: cmTC_48e19] Error 1
make[1]: Leaving directory '/home/dinh/catkin_ws/src/ur3e_control/build/CMakeFiles/CMakeTmp'
make: *** [Makefile:121: cmTC_48e19/fast] Error 2


Source file was:
#include <pthread.h>

void* test_func(void* data)
{
  return data;
}

int main(void)
{
  pthread_t thread;
  pthread_create(&thread, NULL, test_func, NULL);
  pthread_detach(thread);
  pthread_join(thread, NULL);
  pthread_atfork(NULL, NULL, NULL);
  pthread_exit(NULL);

  return 0;
}

Determining if the function pthread_create exists in the pthreads failed with the following output:
Change Dir: /home/dinh/catkin_ws/src/ur3e_control/build/CMakeFiles/CMakeTmp

Run Build Command(s):/usr/bin/make cmTC_39258/fast && /usr/bin/make -f CMakeFiles/cmTC_39258.dir/build.make CMakeFiles/cmTC_39258.dir/build
make[1]: Entering directory '/home/dinh/catkin_ws/src/ur3e_control/build/CMakeFiles/CMakeTmp'
Building C object CMakeFiles/cmTC_39258.dir/CheckFunctionExists.c.o
/usr/bin/cc   -DCHECK_FUNCTION_EXISTS=pthread_create   -o CMakeFiles/cmTC_39258.dir/CheckFunctionExists.c.o   -c /usr/share/cmake-3.16/Modules/CheckFunctionExists.c
Linking C executable cmTC_39258
/usr/bin/cmake -E cmake_link_script CMakeFiles/cmTC_39258.dir/link.txt --verbose=1
/usr/bin/cc  -DCHECK_FUNCTION_EXISTS=pthread_create    -rdynamic CMakeFiles/cmTC_39258.dir/CheckFunctionExists.c.o  -o cmTC_39258  -lpthreads 
/usr/bin/ld: cannot find -lpthreads
collect2: error: ld returned 1 exit status
make[1]: *** [CMakeFiles/cmTC_39258.dir/build.make:87: cmTC_39258] Error 1
make[1]: Leaving directory '/home/dinh/catkin_ws/src/ur3e_control/build/CMakeFiles/CMakeTmp'
make: *** [Makefile:121: cmTC_39258/fast] Error 2



Performing C SOURCE FILE Test CMAKE_HAVE_LIBC_PTHREAD failed with the following output:
Change Dir: /home/dinh/catkin_ws/src/ur3e_control/build/CMakeFiles/CMakeTmp

Run Build Command(s):/usr/bin/make cmTC_e4375/fast && /usr/bin/make -f CMakeFiles/cmTC_e4375.dir/build.make CMakeFiles/cmTC_e4375.dir/build
make[1]: Entering directory '/home/dinh/catkin_ws/src/ur3e_control/build/CMakeFiles/CMakeTmp'
Building C object CMakeFiles/cmTC_e4375.dir/src.c.o
/usr/bin/cc   -DCMAKE_HAVE_LIBC_PTHREAD   -o CMakeFiles/cmTC_e4375.dir/src.c.o   -c /home/dinh/catkin_ws/src/ur3e_control/build/CMakeFiles/CMakeTmp/src.c
Linking C executable cmTC_e4375
/usr/bin/cmake -E cmake_link_script CMakeFiles/cmTC_e4375.dir/link.txt --verbose=1
/usr/bin/cc  -DCMAKE_HAVE_LIBC_PTHREAD    -rdynamic CMakeFiles/cmTC_e4375.dir/src.c.o  -o cmTC_e4375 
/usr/bin/ld: CMakeFiles/cmTC_e4375.dir/src.c.o: in function `main':
src.c:(.text+0x46): undefined reference to `pthread_create'
/usr/bin/ld: src.c:(.text+0x52): undefined reference to `pthread_detach'
/usr/bin/ld: src.c:(.text+0x63): undefined reference to `pthread_join'
collect2: error: ld returned 1 exit status
make[1]: *** [CMakeFiles/cmTC_e4375.dir/build.make:87: cmTC_e4375] Error 1
make[1]: Leaving directory '/home/dinh/catkin_ws/src/ur3e_control/build/CMakeFiles/CMakeTmp'
make: *** [Makefile:121: cmTC_e4375/fast] Error 2


Source file was:
#include <pthread.h>

void* test_func(void* data)
{
  return data;
}

int main(void)
{
  pthread_t thread;
  pthread_create(&thread, NULL, test_func, NULL);
  pthread_detach(thread);
  pthread_join(thread, NULL);
  pthread_atfork(NULL, NULL, NULL);
  pthread_exit(NULL);

  return 0;
}

Determining if the function pthread_create exists in the pthreads failed with the following output:
Change Dir: /home/dinh/catkin_ws/src/ur3e_control/build/CMakeFiles/CMakeTmp

Run Build Command(s):/usr/bin/make cmTC_1ed8b/fast && /usr/bin/make -f CMakeFiles/cmTC_1ed8b.dir/build.make CMakeFiles/cmTC_1ed8b.dir/build
make[1]: Entering directory '/home/dinh/catkin_ws/src/ur3e_control/build/CMakeFiles/CMakeTmp'
Building C object CMakeFiles/cmTC_1ed8b.dir/CheckFunctionExists.c.o
/usr/bin/cc   -DCHECK_FUNCTION_EXISTS=pthread_create   -o CMakeFiles/cmTC_1ed8b.dir/CheckFunctionExists.c.o   -c /usr/share/cmake-3.16/Modules/CheckFunctionExists.c
Linking C executable cmTC_1ed8b
/usr/bin/cmake -E cmake_link_script CMakeFiles/cmTC_1ed8b.dir/link.txt --verbose=1
/usr/bin/cc  -DCHECK_FUNCTION_EXISTS=pthread_create    -rdynamic CMakeFiles/cmTC_1ed8b.dir/CheckFunctionExists.c.o  -o cmTC_1ed8b  -lpthreads 
/usr/bin/ld: cannot find -lpthreads
collect2: error: ld returned 1 exit status
make[1]: *** [CMakeFiles/cmTC_1ed8b.dir/build.make:87: cmTC_1ed8b] Error 1
make[1]: Leaving directory '/home/dinh/catkin_ws/src/ur3e_control/build/CMakeFiles/CMakeTmp'
make: *** [Makefile:121: cmTC_1ed8b/fast] Error 2



Performing C SOURCE FILE Test CMAKE_HAVE_LIBC_PTHREAD failed with the following output:
Change Dir: /home/dinh/catkin_ws/src/ur3e_control/build/CMakeFiles/CMakeTmp

Run Build Command(s):/usr/bin/make cmTC_bc545/fast && /usr/bin/make -f CMakeFiles/cmTC_bc545.dir/build.make CMakeFiles/cmTC_bc545.dir/build
make[1]: Entering directory '/home/dinh/catkin_ws/src/ur3e_control/build/CMakeFiles/CMakeTmp'
Building C object CMakeFiles/cmTC_bc545.dir/src.c.o
/usr/bin/cc   -DCMAKE_HAVE_LIBC_PTHREAD   -o CMakeFiles/cmTC_bc545.dir/src.c.o   -c /home/dinh/catkin_ws/src/ur3e_control/build/CMakeFiles/CMakeTmp/src.c
Linking C executable cmTC_bc545
/usr/bin/cmake -E cmake_link_script CMakeFiles/cmTC_bc545.dir/link.txt --verbose=1
/usr/bin/cc  -DCMAKE_HAVE_LIBC_PTHREAD    -rdynamic CMakeFiles/cmTC_bc545.dir/src.c.o  -o cmTC_bc545 
/usr/bin/ld: CMakeFiles/cmTC_bc545.dir/src.c.o: in function `main':
src.c:(.text+0x46): undefined reference to `pthread_create'
/usr/bin/ld: src.c:(.text+0x52): undefined reference to `pthread_detach'
/usr/bin/ld: src.c:(.text+0x63): undefined reference to `pthread_join'
collect2: error: ld returned 1 exit status
make[1]: *** [CMakeFiles/cmTC_bc545.dir/build.make:87: cmTC_bc545] Error 1
make[1]: Leaving directory '/home/dinh/catkin_ws/src/ur3e_control/build/CMakeFiles/CMakeTmp'
make: *** [Makefile:121: cmTC_bc545/fast] Error 2


Source file was:
#include <pthread.h>

void* test_func(void* data)
{
  return data;
}

int main(void)
{
  pthread_t thread;
  pthread_create(&thread, NULL, test_func, NULL);
  pthread_detach(thread);
  pthread_join(thread, NULL);
  pthread_atfork(NULL, NULL, NULL);
  pthread_exit(NULL);

  return 0;
}

Determining if the function pthread_create exists in the pthreads failed with the following output:
Change Dir: /home/dinh/catkin_ws/src/ur3e_control/build/CMakeFiles/CMakeTmp

Run Build Command(s):/usr/bin/make cmTC_a5dc0/fast && /usr/bin/make -f CMakeFiles/cmTC_a5dc0.dir/build.make CMakeFiles/cmTC_a5dc0.dir/build
make[1]: Entering directory '/home/dinh/catkin_ws/src/ur3e_control/build/CMakeFiles/CMakeTmp'
Building C object CMakeFiles/cmTC_a5dc0.dir/CheckFunctionExists.c.o
/usr/bin/cc   -DCHECK_FUNCTION_EXISTS=pthread_create   -o CMakeFiles/cmTC_a5dc0.dir/CheckFunctionExists.c.o   -c /usr/share/cmake-3.16/Modules/CheckFunctionExists.c
Linking C executable cmTC_a5dc0
/usr/bin/cmake -E cmake_link_script CMakeFiles/cmTC_a5dc0.dir/link.txt --verbose=1
/usr/bin/cc  -DCHECK_FUNCTION_EXISTS=pthread_create    -rdynamic CMakeFiles/cmTC_a5dc0.dir/CheckFunctionExists.c.o  -o cmTC_a5dc0  -lpthreads 
/usr/bin/ld: cannot find -lpthreads
collect2: error: ld returned 1 exit status
make[1]: *** [CMakeFiles/cmTC_a5dc0.dir/build.make:87: cmTC_a5dc0] Error 1
make[1]: Leaving directory '/home/dinh/catkin_ws/src/ur3e_control/build/CMakeFiles/CMakeTmp'
make: *** [Makefile:121: cmTC_a5dc0/fast] Error 2



Performing C SOURCE FILE Test CMAKE_HAVE_LIBC_PTHREAD failed with the following output:
Change Dir: /home/dinh/catkin_ws/src/ur3e_control/build/CMakeFiles/CMakeTmp

Run Build Command(s):/usr/bin/make cmTC_3a4eb/fast && /usr/bin/make -f CMakeFiles/cmTC_3a4eb.dir/build.make CMakeFiles/cmTC_3a4eb.dir/build
make[1]: Entering directory '/home/dinh/catkin_ws/src/ur3e_control/build/CMakeFiles/CMakeTmp'
Building C object CMakeFiles/cmTC_3a4eb.dir/src.c.o
/usr/bin/cc   -DCMAKE_HAVE_LIBC_PTHREAD   -o CMakeFiles/cmTC_3a4eb.dir/src.c.o   -c /home/dinh/catkin_ws/src/ur3e_control/build/CMakeFiles/CMakeTmp/src.c
Linking C executable cmTC_3a4eb
/usr/bin/cmake -E cmake_link_script CMakeFiles/cmTC_3a4eb.dir/link.txt --verbose=1
/usr/bin/cc  -DCMAKE_HAVE_LIBC_PTHREAD    -rdynamic CMakeFiles/cmTC_3a4eb.dir/src.c.o  -o cmTC_3a4eb 
/usr/bin/ld: CMakeFiles/cmTC_3a4eb.dir/src.c.o: in function `main':
src.c:(.text+0x46): undefined reference to `pthread_create'
/usr/bin/ld: src.c:(.text+0x52): undefined reference to `pthread_detach'
/usr/bin/ld: src.c:(.text+0x63): undefined reference to `pthread_join'
collect2: error: ld returned 1 exit status
make[1]: *** [CMakeFiles/cmTC_3a4eb.dir/build.make:87: cmTC_3a4eb] Error 1
make[1]: Leaving directory '/home/dinh/catkin_ws/src/ur3e_control/build/CMakeFiles/CMakeTmp'
make: *** [Makefile:121: cmTC_3a4eb/fast] Error 2


Source file was:
#include <pthread.h>

void* test_func(void* data)
{
  return data;
}

int main(void)
{
  pthread_t thread;
  pthread_create(&thread, NULL, test_func, NULL);
  pthread_detach(thread);
  pthread_join(thread, NULL);
  pthread_atfork(NULL, NULL, NULL);
  pthread_exit(NULL);

  return 0;
}

Determining if the function pthread_create exists in the pthreads failed with the following output:
Change Dir: /home/dinh/catkin_ws/src/ur3e_control/build/CMakeFiles/CMakeTmp

Run Build Command(s):/usr/bin/make cmTC_29f54/fast && /usr/bin/make -f CMakeFiles/cmTC_29f54.dir/build.make CMakeFiles/cmTC_29f54.dir/build
make[1]: Entering directory '/home/dinh/catkin_ws/src/ur3e_control/build/CMakeFiles/CMakeTmp'
Building C object CMakeFiles/cmTC_29f54.dir/CheckFunctionExists.c.o
/usr/bin/cc   -DCHECK_FUNCTION_EXISTS=pthread_create   -o CMakeFiles/cmTC_29f54.dir/CheckFunctionExists.c.o   -c /usr/share/cmake-3.16/Modules/CheckFunctionExists.c
Linking C executable cmTC_29f54
/usr/bin/cmake -E cmake_link_script CMakeFiles/cmTC_29f54.dir/link.txt --verbose=1
/usr/bin/cc  -DCHECK_FUNCTION_EXISTS=pthread_create    -rdynamic CMakeFiles/cmTC_29f54.dir/CheckFunctionExists.c.o  -o cmTC_29f54  -lpthreads 
/usr/bin/ld: cannot find -lpthreads
collect2: error: ld returned 1 exit status
make[1]: *** [CMakeFiles/cmTC_29f54.dir/build.make:87: cmTC_29f54] Error 1
make[1]: Leaving directory '/home/dinh/catkin_ws/src/ur3e_control/build/CMakeFiles/CMakeTmp'
make: *** [Makefile:121: cmTC_29f54/fast] Error 2



Performing C SOURCE FILE Test CMAKE_HAVE_LIBC_PTHREAD failed with the following output:
Change Dir: /home/dinh/catkin_ws/src/ur3e_control/build/CMakeFiles/CMakeTmp

Run Build Command(s):/usr/bin/make cmTC_a77dc/fast && /usr/bin/make -f CMakeFiles/cmTC_a77dc.dir/build.make CMakeFiles/cmTC_a77dc.dir/build
make[1]: Entering directory '/home/dinh/catkin_ws/src/ur3e_control/build/CMakeFiles/CMakeTmp'
Building C object CMakeFiles/cmTC_a77dc.dir/src.c.o
/usr/bin/cc   -DCMAKE_HAVE_LIBC_PTHREAD   -o CMakeFiles/cmTC_a77dc.dir/src.c.o   -c /home/dinh/catkin_ws/src/ur3e_control/build/CMakeFiles/CMakeTmp/src.c
Linking C executable cmTC_a77dc
/usr/bin/cmake -E cmake_link_script CMakeFiles/cmTC_a77dc.dir/link.txt --verbose=1
/usr/bin/cc  -DCMAKE_HAVE_LIBC_PTHREAD    -rdynamic CMakeFiles/cmTC_a77dc.dir/src.c.o  -o cmTC_a77dc 
/usr/bin/ld: CMakeFiles/cmTC_a77dc.dir/src.c.o: in function `main':
src.c:(.text+0x46): undefined reference to `pthread_create'
/usr/bin/ld: src.c:(.text+0x52): undefined reference to `pthread_detach'
/usr/bin/ld: src.c:(.text+0x63): undefined reference to `pthread_join'
collect2: error: ld returned 1 exit status
make[1]: *** [CMakeFiles/cmTC_a77dc.dir/build.make:87: cmTC_a77dc] Error 1
make[1]: Leaving directory '/home/dinh/catkin_ws/src/ur3e_control/build/CMakeFiles/CMakeTmp'
make: *** [Makefile:121: cmTC_a77dc/fast] Error 2


Source file was:
#include <pthread.h>

void* test_func(void* data)
{
  return data;
}

int main(void)
{
  pthread_t thread;
  pthread_create(&thread, NULL, test_func, NULL);
  pthread_detach(thread);
  pthread_join(thread, NULL);
  pthread_atfork(NULL, NULL, NULL);
  pthread_exit(NULL);

  return 0;
}

Determining if the function pthread_create exists in the pthreads failed with the following output:
Change Dir: /home/dinh/catkin_ws/src/ur3e_control/build/CMakeFiles/CMakeTmp

Run Build Command(s):/usr/bin/make cmTC_5c4f5/fast && /usr/bin/make -f CMakeFiles/cmTC_5c4f5.dir/build.make CMakeFiles/cmTC_5c4f5.dir/build
make[1]: Entering directory '/home/dinh/catkin_ws/src/ur3e_control/build/CMakeFiles/CMakeTmp'
Building C object CMakeFiles/cmTC_5c4f5.dir/CheckFunctionExists.c.o
/usr/bin/cc   -DCHECK_FUNCTION_EXISTS=pthread_create   -o CMakeFiles/cmTC_5c4f5.dir/CheckFunctionExists.c.o   -c /usr/share/cmake-3.16/Modules/CheckFunctionExists.c
Linking C executable cmTC_5c4f5
/usr/bin/cmake -E cmake_link_script CMakeFiles/cmTC_5c4f5.dir/link.txt --verbose=1
/usr/bin/cc  -DCHECK_FUNCTION_EXISTS=pthread_create    -rdynamic CMakeFiles/cmTC_5c4f5.dir/CheckFunctionExists.c.o  -o cmTC_5c4f5  -lpthreads 
/usr/bin/ld: cannot find -lpthreads
collect2: error: ld returned 1 exit status
make[1]: *** [CMakeFiles/cmTC_5c4f5.dir/build.make:87: cmTC_5c4f5] Error 1
make[1]: Leaving directory '/home/dinh/catkin_ws/src/ur3e_control/build/CMakeFiles/CMakeTmp'
make: *** [Makefile:121: cmTC_5c4f5/fast] Error 2



Performing C SOURCE FILE Test CMAKE_HAVE_LIBC_PTHREAD failed with the following output:
Change Dir: /home/dinh/catkin_ws/src/ur3e_control/build/CMakeFiles/CMakeTmp

Run Build Command(s):/usr/bin/make cmTC_8f5a2/fast && /usr/bin/make -f CMakeFiles/cmTC_8f5a2.dir/build.make CMakeFiles/cmTC_8f5a2.dir/build
make[1]: Entering directory '/home/dinh/catkin_ws/src/ur3e_control/build/CMakeFiles/CMakeTmp'
Building C object CMakeFiles/cmTC_8f5a2.dir/src.c.o
/usr/bin/cc   -DCMAKE_HAVE_LIBC_PTHREAD   -o CMakeFiles/cmTC_8f5a2.dir/src.c.o   -c /home/dinh/catkin_ws/src/ur3e_control/build/CMakeFiles/CMakeTmp/src.c
Linking C executable cmTC_8f5a2
/usr/bin/cmake -E cmake_link_script CMakeFiles/cmTC_8f5a2.dir/link.txt --verbose=1
/usr/bin/cc  -DCMAKE_HAVE_LIBC_PTHREAD    -rdynamic CMakeFiles/cmTC_8f5a2.dir/src.c.o  -o cmTC_8f5a2 
/usr/bin/ld: CMakeFiles/cmTC_8f5a2.dir/src.c.o: in function `main':
src.c:(.text+0x46): undefined reference to `pthread_create'
/usr/bin/ld: src.c:(.text+0x52): undefined reference to `pthread_detach'
/usr/bin/ld: src.c:(.text+0x63): undefined reference to `pthread_join'
collect2: error: ld returned 1 exit status
make[1]: *** [CMakeFiles/cmTC_8f5a2.dir/build.make:87: cmTC_8f5a2] Error 1
make[1]: Leaving directory '/home/dinh/catkin_ws/src/ur3e_control/build/CMakeFiles/CMakeTmp'
make: *** [Makefile:121: cmTC_8f5a2/fast] Error 2


Source file was:
#include <pthread.h>

void* test_func(void* data)
{
  return data;
}

int main(void)
{
  pthread_t thread;
  pthread_create(&thread, NULL, test_func, NULL);
  pthread_detach(thread);
  pthread_join(thread, NULL);
  pthread_atfork(NULL, NULL, NULL);
  pthread_exit(NULL);

  return 0;
}

Determining if the function pthread_create exists in the pthreads failed with the following output:
Change Dir: /home/dinh/catkin_ws/src/ur3e_control/build/CMakeFiles/CMakeTmp

Run Build Command(s):/usr/bin/make cmTC_99bab/fast && /usr/bin/make -f CMakeFiles/cmTC_99bab.dir/build.make CMakeFiles/cmTC_99bab.dir/build
make[1]: Entering directory '/home/dinh/catkin_ws/src/ur3e_control/build/CMakeFiles/CMakeTmp'
Building C object CMakeFiles/cmTC_99bab.dir/CheckFunctionExists.c.o
/usr/bin/cc   -DCHECK_FUNCTION_EXISTS=pthread_create   -o CMakeFiles/cmTC_99bab.dir/CheckFunctionExists.c.o   -c /usr/share/cmake-3.16/Modules/CheckFunctionExists.c
Linking C executable cmTC_99bab
/usr/bin/cmake -E cmake_link_script CMakeFiles/cmTC_99bab.dir/link.txt --verbose=1
/usr/bin/cc  -DCHECK_FUNCTION_EXISTS=pthread_create    -rdynamic CMakeFiles/cmTC_99bab.dir/CheckFunctionExists.c.o  -o cmTC_99bab  -lpthreads 
/usr/bin/ld: cannot find -lpthreads
collect2: error: ld returned 1 exit status
make[1]: *** [CMakeFiles/cmTC_99bab.dir/build.make:87: cmTC_99bab] Error 1
make[1]: Leaving directory '/home/dinh/catkin_ws/src/ur3e_control/build/CMakeFiles/CMakeTmp'
make: *** [Makefile:121: cmTC_99bab/fast] Error 2



Performing C SOURCE FILE Test CMAKE_HAVE_LIBC_PTHREAD failed with the following output:
Change Dir: /home/dinh/catkin_ws/src/ur3e_control/build/CMakeFiles/CMakeTmp

Run Build Command(s):/usr/bin/make cmTC_6496a/fast && /usr/bin/make -f CMakeFiles/cmTC_6496a.dir/build.make CMakeFiles/cmTC_6496a.dir/build
make[1]: Entering directory '/home/dinh/catkin_ws/src/ur3e_control/build/CMakeFiles/CMakeTmp'
Building C object CMakeFiles/cmTC_6496a.dir/src.c.o
/usr/bin/cc   -DCMAKE_HAVE_LIBC_PTHREAD   -o CMakeFiles/cmTC_6496a.dir/src.c.o   -c /home/dinh/catkin_ws/src/ur3e_control/build/CMakeFiles/CMakeTmp/src.c
Linking C executable cmTC_6496a
/usr/bin/cmake -E cmake_link_script CMakeFiles/cmTC_6496a.dir/link.txt --verbose=1
/usr/bin/cc  -DCMAKE_HAVE_LIBC_PTHREAD    -rdynamic CMakeFiles/cmTC_6496a.dir/src.c.o  -o cmTC_6496a 
/usr/bin/ld: CMakeFiles/cmTC_6496a.dir/src.c.o: in function `main':
src.c:(.text+0x46): undefined reference to `pthread_create'
/usr/bin/ld: src.c:(.text+0x52): undefined reference to `pthread_detach'
/usr/bin/ld: src.c:(.text+0x63): undefined reference to `pthread_join'
collect2: error: ld returned 1 exit status
make[1]: *** [CMakeFiles/cmTC_6496a.dir/build.make:87: cmTC_6496a] Error 1
make[1]: Leaving directory '/home/dinh/catkin_ws/src/ur3e_control/build/CMakeFiles/CMakeTmp'
make: *** [Makefile:121: cmTC_6496a/fast] Error 2


Source file was:
#include <pthread.h>

void* test_func(void* data)
{
  return data;
}

int main(void)
{
  pthread_t thread;
  pthread_create(&thread, NULL, test_func, NULL);
  pthread_detach(thread);
  pthread_join(thread, NULL);
  pthread_atfork(NULL, NULL, NULL);
  pthread_exit(NULL);

  return 0;
}

Determining if the function pthread_create exists in the pthreads failed with the following output:
Change Dir: /home/dinh/catkin_ws/src/ur3e_control/build/CMakeFiles/CMakeTmp

Run Build Command(s):/usr/bin/make cmTC_1fe41/fast && /usr/bin/make -f CMakeFiles/cmTC_1fe41.dir/build.make CMakeFiles/cmTC_1fe41.dir/build
make[1]: Entering directory '/home/dinh/catkin_ws/src/ur3e_control/build/CMakeFiles/CMakeTmp'
Building C object CMakeFiles/cmTC_1fe41.dir/CheckFunctionExists.c.o
/usr/bin/cc   -DCHECK_FUNCTION_EXISTS=pthread_create   -o CMakeFiles/cmTC_1fe41.dir/CheckFunctionExists.c.o   -c /usr/share/cmake-3.16/Modules/CheckFunctionExists.c
Linking C executable cmTC_1fe41
/usr/bin/cmake -E cmake_link_script CMakeFiles/cmTC_1fe41.dir/link.txt --verbose=1
/usr/bin/cc  -DCHECK_FUNCTION_EXISTS=pthread_create    -rdynamic CMakeFiles/cmTC_1fe41.dir/CheckFunctionExists.c.o  -o cmTC_1fe41  -lpthreads 
/usr/bin/ld: cannot find -lpthreads
collect2: error: ld returned 1 exit status
make[1]: *** [CMakeFiles/cmTC_1fe41.dir/build.make:87: cmTC_1fe41] Error 1
make[1]: Leaving directory '/home/dinh/catkin_ws/src/ur3e_control/build/CMakeFiles/CMakeTmp'
make: *** [Makefile:121: cmTC_1fe41/fast] Error 2



Performing C SOURCE FILE Test CMAKE_HAVE_LIBC_PTHREAD failed with the following output:
Change Dir: /home/dinh/catkin_ws/src/ur3e_control/build/CMakeFiles/CMakeTmp

Run Build Command(s):/usr/bin/make cmTC_84702/fast && /usr/bin/make -f CMakeFiles/cmTC_84702.dir/build.make CMakeFiles/cmTC_84702.dir/build
make[1]: Entering directory '/home/dinh/catkin_ws/src/ur3e_control/build/CMakeFiles/CMakeTmp'
Building C object CMakeFiles/cmTC_84702.dir/src.c.o
/usr/bin/cc   -DCMAKE_HAVE_LIBC_PTHREAD   -o CMakeFiles/cmTC_84702.dir/src.c.o   -c /home/dinh/catkin_ws/src/ur3e_control/build/CMakeFiles/CMakeTmp/src.c
Linking C executable cmTC_84702
/usr/bin/cmake -E cmake_link_script CMakeFiles/cmTC_84702.dir/link.txt --verbose=1
/usr/bin/cc  -DCMAKE_HAVE_LIBC_PTHREAD    -rdynamic CMakeFiles/cmTC_84702.dir/src.c.o  -o cmTC_84702 
/usr/bin/ld: CMakeFiles/cmTC_84702.dir/src.c.o: in function `main':
src.c:(.text+0x46): undefined reference to `pthread_create'
/usr/bin/ld: src.c:(.text+0x52): undefined reference to `pthread_detach'
/usr/bin/ld: src.c:(.text+0x63): undefined reference to `pthread_join'
collect2: error: ld returned 1 exit status
make[1]: *** [CMakeFiles/cmTC_84702.dir/build.make:87: cmTC_84702] Error 1
make[1]: Leaving directory '/home/dinh/catkin_ws/src/ur3e_control/build/CMakeFiles/CMakeTmp'
make: *** [Makefile:121: cmTC_84702/fast] Error 2


Source file was:
#include <pthread.h>

void* test_func(void* data)
{
  return data;
}

int main(void)
{
  pthread_t thread;
  pthread_create(&thread, NULL, test_func, NULL);
  pthread_detach(thread);
  pthread_join(thread, NULL);
  pthread_atfork(NULL, NULL, NULL);
  pthread_exit(NULL);

  return 0;
}

Determining if the function pthread_create exists in the pthreads failed with the following output:
Change Dir: /home/dinh/catkin_ws/src/ur3e_control/build/CMakeFiles/CMakeTmp

Run Build Command(s):/usr/bin/make cmTC_caff5/fast && /usr/bin/make -f CMakeFiles/cmTC_caff5.dir/build.make CMakeFiles/cmTC_caff5.dir/build
make[1]: Entering directory '/home/dinh/catkin_ws/src/ur3e_control/build/CMakeFiles/CMakeTmp'
Building C object CMakeFiles/cmTC_caff5.dir/CheckFunctionExists.c.o
/usr/bin/cc   -DCHECK_FUNCTION_EXISTS=pthread_create   -o CMakeFiles/cmTC_caff5.dir/CheckFunctionExists.c.o   -c /usr/share/cmake-3.16/Modules/CheckFunctionExists.c
Linking C executable cmTC_caff5
/usr/bin/cmake -E cmake_link_script CMakeFiles/cmTC_caff5.dir/link.txt --verbose=1
/usr/bin/cc  -DCHECK_FUNCTION_EXISTS=pthread_create    -rdynamic CMakeFiles/cmTC_caff5.dir/CheckFunctionExists.c.o  -o cmTC_caff5  -lpthreads 
/usr/bin/ld: cannot find -lpthreads
collect2: error: ld returned 1 exit status
make[1]: *** [CMakeFiles/cmTC_caff5.dir/build.make:87: cmTC_caff5] Error 1
make[1]: Leaving directory '/home/dinh/catkin_ws/src/ur3e_control/build/CMakeFiles/CMakeTmp'
make: *** [Makefile:121: cmTC_caff5/fast] Error 2



Performing C SOURCE FILE Test CMAKE_HAVE_LIBC_PTHREAD failed with the following output:
Change Dir: /home/dinh/catkin_ws/src/ur3e_control/build/CMakeFiles/CMakeTmp

Run Build Command(s):/usr/bin/make cmTC_2618c/fast && /usr/bin/make -f CMakeFiles/cmTC_2618c.dir/build.make CMakeFiles/cmTC_2618c.dir/build
make[1]: Entering directory '/home/dinh/catkin_ws/src/ur3e_control/build/CMakeFiles/CMakeTmp'
Building C object CMakeFiles/cmTC_2618c.dir/src.c.o
/usr/bin/cc   -DCMAKE_HAVE_LIBC_PTHREAD   -o CMakeFiles/cmTC_2618c.dir/src.c.o   -c /home/dinh/catkin_ws/src/ur3e_control/build/CMakeFiles/CMakeTmp/src.c
Linking C executable cmTC_2618c
/usr/bin/cmake -E cmake_link_script CMakeFiles/cmTC_2618c.dir/link.txt --verbose=1
/usr/bin/cc  -DCMAKE_HAVE_LIBC_PTHREAD    -rdynamic CMakeFiles/cmTC_2618c.dir/src.c.o  -o cmTC_2618c 
/usr/bin/ld: CMakeFiles/cmTC_2618c.dir/src.c.o: in function `main':
src.c:(.text+0x46): undefined reference to `pthread_create'
/usr/bin/ld: src.c:(.text+0x52): undefined reference to `pthread_detach'
/usr/bin/ld: src.c:(.text+0x63): undefined reference to `pthread_join'
collect2: error: ld returned 1 exit status
make[1]: *** [CMakeFiles/cmTC_2618c.dir/build.make:87: cmTC_2618c] Error 1
make[1]: Leaving directory '/home/dinh/catkin_ws/src/ur3e_control/build/CMakeFiles/CMakeTmp'
make: *** [Makefile:121: cmTC_2618c/fast] Error 2


Source file was:
#include <pthread.h>

void* test_func(void* data)
{
  return data;
}

int main(void)
{
  pthread_t thread;
  pthread_create(&thread, NULL, test_func, NULL);
  pthread_detach(thread);
  pthread_join(thread, NULL);
  pthread_atfork(NULL, NULL, NULL);
  pthread_exit(NULL);

  return 0;
}

Determining if the function pthread_create exists in the pthreads failed with the following output:
Change Dir: /home/dinh/catkin_ws/src/ur3e_control/build/CMakeFiles/CMakeTmp

Run Build Command(s):/usr/bin/make cmTC_5b580/fast && /usr/bin/make -f CMakeFiles/cmTC_5b580.dir/build.make CMakeFiles/cmTC_5b580.dir/build
make[1]: Entering directory '/home/dinh/catkin_ws/src/ur3e_control/build/CMakeFiles/CMakeTmp'
Building C object CMakeFiles/cmTC_5b580.dir/CheckFunctionExists.c.o
/usr/bin/cc   -DCHECK_FUNCTION_EXISTS=pthread_create   -o CMakeFiles/cmTC_5b580.dir/CheckFunctionExists.c.o   -c /usr/share/cmake-3.16/Modules/CheckFunctionExists.c
Linking C executable cmTC_5b580
/usr/bin/cmake -E cmake_link_script CMakeFiles/cmTC_5b580.dir/link.txt --verbose=1
/usr/bin/cc  -DCHECK_FUNCTION_EXISTS=pthread_create    -rdynamic CMakeFiles/cmTC_5b580.dir/CheckFunctionExists.c.o  -o cmTC_5b580  -lpthreads 
/usr/bin/ld: cannot find -lpthreads
collect2: error: ld returned 1 exit status
make[1]: *** [CMakeFiles/cmTC_5b580.dir/build.make:87: cmTC_5b580] Error 1
make[1]: Leaving directory '/home/dinh/catkin_ws/src/ur3e_control/build/CMakeFiles/CMakeTmp'
make: *** [Makefile:121: cmTC_5b580/fast] Error 2



Performing C SOURCE FILE Test CMAKE_HAVE_LIBC_PTHREAD failed with the following output:
Change Dir: /home/dinh/catkin_ws/src/ur3e_control/build/CMakeFiles/CMakeTmp

Run Build Command(s):/usr/bin/make cmTC_51e0f/fast && /usr/bin/make -f CMakeFiles/cmTC_51e0f.dir/build.make CMakeFiles/cmTC_51e0f.dir/build
make[1]: Entering directory '/home/dinh/catkin_ws/src/ur3e_control/build/CMakeFiles/CMakeTmp'
Building C object CMakeFiles/cmTC_51e0f.dir/src.c.o
/usr/bin/cc   -DCMAKE_HAVE_LIBC_PTHREAD   -o CMakeFiles/cmTC_51e0f.dir/src.c.o   -c /home/dinh/catkin_ws/src/ur3e_control/build/CMakeFiles/CMakeTmp/src.c
Linking C executable cmTC_51e0f
/usr/bin/cmake -E cmake_link_script CMakeFiles/cmTC_51e0f.dir/link.txt --verbose=1
/usr/bin/cc  -DCMAKE_HAVE_LIBC_PTHREAD    -rdynamic CMakeFiles/cmTC_51e0f.dir/src.c.o  -o cmTC_51e0f 
/usr/bin/ld: CMakeFiles/cmTC_51e0f.dir/src.c.o: in function `main':
src.c:(.text+0x46): undefined reference to `pthread_create'
/usr/bin/ld: src.c:(.text+0x52): undefined reference to `pthread_detach'
/usr/bin/ld: src.c:(.text+0x63): undefined reference to `pthread_join'
collect2: error: ld returned 1 exit status
make[1]: *** [CMakeFiles/cmTC_51e0f.dir/build.make:87: cmTC_51e0f] Error 1
make[1]: Leaving directory '/home/dinh/catkin_ws/src/ur3e_control/build/CMakeFiles/CMakeTmp'
make: *** [Makefile:121: cmTC_51e0f/fast] Error 2


Source file was:
#include <pthread.h>

void* test_func(void* data)
{
  return data;
}

int main(void)
{
  pthread_t thread;
  pthread_create(&thread, NULL, test_func, NULL);
  pthread_detach(thread);
  pthread_join(thread, NULL);
  pthread_atfork(NULL, NULL, NULL);
  pthread_exit(NULL);

  return 0;
}

Determining if the function pthread_create exists in the pthreads failed with the following output:
Change Dir: /home/dinh/catkin_ws/src/ur3e_control/build/CMakeFiles/CMakeTmp

Run Build Command(s):/usr/bin/make cmTC_68ee0/fast && /usr/bin/make -f CMakeFiles/cmTC_68ee0.dir/build.make CMakeFiles/cmTC_68ee0.dir/build
make[1]: Entering directory '/home/dinh/catkin_ws/src/ur3e_control/build/CMakeFiles/CMakeTmp'
Building C object CMakeFiles/cmTC_68ee0.dir/CheckFunctionExists.c.o
/usr/bin/cc   -DCHECK_FUNCTION_EXISTS=pthread_create   -o CMakeFiles/cmTC_68ee0.dir/CheckFunctionExists.c.o   -c /usr/share/cmake-3.16/Modules/CheckFunctionExists.c
Linking C executable cmTC_68ee0
/usr/bin/cmake -E cmake_link_script CMakeFiles/cmTC_68ee0.dir/link.txt --verbose=1
/usr/bin/cc  -DCHECK_FUNCTION_EXISTS=pthread_create    -rdynamic CMakeFiles/cmTC_68ee0.dir/CheckFunctionExists.c.o  -o cmTC_68ee0  -lpthreads 
/usr/bin/ld: cannot find -lpthreads
collect2: error: ld returned 1 exit status
make[1]: *** [CMakeFiles/cmTC_68ee0.dir/build.make:87: cmTC_68ee0] Error 1
make[1]: Leaving directory '/home/dinh/catkin_ws/src/ur3e_control/build/CMakeFiles/CMakeTmp'
make: *** [Makefile:121: cmTC_68ee0/fast] Error 2



Performing C SOURCE FILE Test CMAKE_HAVE_LIBC_PTHREAD failed with the following output:
Change Dir: /home/dinh/catkin_ws/src/ur3e_control/build/CMakeFiles/CMakeTmp

Run Build Command(s):/usr/bin/make cmTC_7dba1/fast && /usr/bin/make -f CMakeFiles/cmTC_7dba1.dir/build.make CMakeFiles/cmTC_7dba1.dir/build
make[1]: Entering directory '/home/dinh/catkin_ws/src/ur3e_control/build/CMakeFiles/CMakeTmp'
Building C object CMakeFiles/cmTC_7dba1.dir/src.c.o
/usr/bin/cc   -DCMAKE_HAVE_LIBC_PTHREAD   -o CMakeFiles/cmTC_7dba1.dir/src.c.o   -c /home/dinh/catkin_ws/src/ur3e_control/build/CMakeFiles/CMakeTmp/src.c
Linking C executable cmTC_7dba1
/usr/bin/cmake -E cmake_link_script CMakeFiles/cmTC_7dba1.dir/link.txt --verbose=1
/usr/bin/cc  -DCMAKE_HAVE_LIBC_PTHREAD    -rdynamic CMakeFiles/cmTC_7dba1.dir/src.c.o  -o cmTC_7dba1 
/usr/bin/ld: CMakeFiles/cmTC_7dba1.dir/src.c.o: in function `main':
src.c:(.text+0x46): undefined reference to `pthread_create'
/usr/bin/ld: src.c:(.text+0x52): undefined reference to `pthread_detach'
/usr/bin/ld: src.c:(.text+0x63): undefined reference to `pthread_join'
collect2: error: ld returned 1 exit status
make[1]: *** [CMakeFiles/cmTC_7dba1.dir/build.make:87: cmTC_7dba1] Error 1
make[1]: Leaving directory '/home/dinh/catkin_ws/src/ur3e_control/build/CMakeFiles/CMakeTmp'
make: *** [Makefile:121: cmTC_7dba1/fast] Error 2


Source file was:
#include <pthread.h>

void* test_func(void* data)
{
  return data;
}

int main(void)
{
  pthread_t thread;
  pthread_create(&thread, NULL, test_func, NULL);
  pthread_detach(thread);
  pthread_join(thread, NULL);
  pthread_atfork(NULL, NULL, NULL);
  pthread_exit(NULL);

  return 0;
}

Determining if the function pthread_create exists in the pthreads failed with the following output:
Change Dir: /home/dinh/catkin_ws/src/ur3e_control/build/CMakeFiles/CMakeTmp

Run Build Command(s):/usr/bin/make cmTC_3ecf5/fast && /usr/bin/make -f CMakeFiles/cmTC_3ecf5.dir/build.make CMakeFiles/cmTC_3ecf5.dir/build
make[1]: Entering directory '/home/dinh/catkin_ws/src/ur3e_control/build/CMakeFiles/CMakeTmp'
Building C object CMakeFiles/cmTC_3ecf5.dir/CheckFunctionExists.c.o
/usr/bin/cc   -DCHECK_FUNCTION_EXISTS=pthread_create   -o CMakeFiles/cmTC_3ecf5.dir/CheckFunctionExists.c.o   -c /usr/share/cmake-3.16/Modules/CheckFunctionExists.c
Linking C executable cmTC_3ecf5
/usr/bin/cmake -E cmake_link_script CMakeFiles/cmTC_3ecf5.dir/link.txt --verbose=1
/usr/bin/cc  -DCHECK_FUNCTION_EXISTS=pthread_create    -rdynamic CMakeFiles/cmTC_3ecf5.dir/CheckFunctionExists.c.o  -o cmTC_3ecf5  -lpthreads 
/usr/bin/ld: cannot find -lpthreads
collect2: error: ld returned 1 exit status
make[1]: *** [CMakeFiles/cmTC_3ecf5.dir/build.make:87: cmTC_3ecf5] Error 1
make[1]: Leaving directory '/home/dinh/catkin_ws/src/ur3e_control/build/CMakeFiles/CMakeTmp'
make: *** [Makefile:121: cmTC_3ecf5/fast] Error 2



Performing C SOURCE FILE Test CMAKE_HAVE_LIBC_PTHREAD failed with the following output:
Change Dir: /home/dinh/catkin_ws/src/ur3e_control/build/CMakeFiles/CMakeTmp

Run Build Command(s):/usr/bin/make cmTC_65a5a/fast && /usr/bin/make -f CMakeFiles/cmTC_65a5a.dir/build.make CMakeFiles/cmTC_65a5a.dir/build
make[1]: Entering directory '/home/dinh/catkin_ws/src/ur3e_control/build/CMakeFiles/CMakeTmp'
Building C object CMakeFiles/cmTC_65a5a.dir/src.c.o
/usr/bin/cc   -DCMAKE_HAVE_LIBC_PTHREAD   -o CMakeFiles/cmTC_65a5a.dir/src.c.o   -c /home/dinh/catkin_ws/src/ur3e_control/build/CMakeFiles/CMakeTmp/src.c
Linking C executable cmTC_65a5a
/usr/bin/cmake -E cmake_link_script CMakeFiles/cmTC_65a5a.dir/link.txt --verbose=1
/usr/bin/cc  -DCMAKE_HAVE_LIBC_PTHREAD    -rdynamic CMakeFiles/cmTC_65a5a.dir/src.c.o  -o cmTC_65a5a 
/usr/bin/ld: CMakeFiles/cmTC_65a5a.dir/src.c.o: in function `main':
src.c:(.text+0x46): undefined reference to `pthread_create'
/usr/bin/ld: src.c:(.text+0x52): undefined reference to `pthread_detach'
/usr/bin/ld: src.c:(.text+0x63): undefined reference to `pthread_join'
collect2: error: ld returned 1 exit status
make[1]: *** [CMakeFiles/cmTC_65a5a.dir/build.make:87: cmTC_65a5a] Error 1
make[1]: Leaving directory '/home/dinh/catkin_ws/src/ur3e_control/build/CMakeFiles/CMakeTmp'
make: *** [Makefile:121: cmTC_65a5a/fast] Error 2


Source file was:
#include <pthread.h>

void* test_func(void* data)
{
  return data;
}

int main(void)
{
  pthread_t thread;
  pthread_create(&thread, NULL, test_func, NULL);
  pthread_detach(thread);
  pthread_join(thread, NULL);
  pthread_atfork(NULL, NULL, NULL);
  pthread_exit(NULL);

  return 0;
}

Determining if the function pthread_create exists in the pthreads failed with the following output:
Change Dir: /home/dinh/catkin_ws/src/ur3e_control/build/CMakeFiles/CMakeTmp

Run Build Command(s):/usr/bin/make cmTC_0a3b7/fast && /usr/bin/make -f CMakeFiles/cmTC_0a3b7.dir/build.make CMakeFiles/cmTC_0a3b7.dir/build
make[1]: Entering directory '/home/dinh/catkin_ws/src/ur3e_control/build/CMakeFiles/CMakeTmp'
Building C object CMakeFiles/cmTC_0a3b7.dir/CheckFunctionExists.c.o
/usr/bin/cc   -DCHECK_FUNCTION_EXISTS=pthread_create   -o CMakeFiles/cmTC_0a3b7.dir/CheckFunctionExists.c.o   -c /usr/share/cmake-3.16/Modules/CheckFunctionExists.c
Linking C executable cmTC_0a3b7
/usr/bin/cmake -E cmake_link_script CMakeFiles/cmTC_0a3b7.dir/link.txt --verbose=1
/usr/bin/cc  -DCHECK_FUNCTION_EXISTS=pthread_create    -rdynamic CMakeFiles/cmTC_0a3b7.dir/CheckFunctionExists.c.o  -o cmTC_0a3b7  -lpthreads 
/usr/bin/ld: cannot find -lpthreads
collect2: error: ld returned 1 exit status
make[1]: *** [CMakeFiles/cmTC_0a3b7.dir/build.make:87: cmTC_0a3b7] Error 1
make[1]: Leaving directory '/home/dinh/catkin_ws/src/ur3e_control/build/CMakeFiles/CMakeTmp'
make: *** [Makefile:121: cmTC_0a3b7/fast] Error 2



Performing C SOURCE FILE Test CMAKE_HAVE_LIBC_PTHREAD failed with the following output:
Change Dir: /home/dinh/catkin_ws/src/ur3e_control/build/CMakeFiles/CMakeTmp

Run Build Command(s):/usr/bin/make cmTC_cefea/fast && /usr/bin/make -f CMakeFiles/cmTC_cefea.dir/build.make CMakeFiles/cmTC_cefea.dir/build
make[1]: Entering directory '/home/dinh/catkin_ws/src/ur3e_control/build/CMakeFiles/CMakeTmp'
Building C object CMakeFiles/cmTC_cefea.dir/src.c.o
/usr/bin/cc   -DCMAKE_HAVE_LIBC_PTHREAD   -o CMakeFiles/cmTC_cefea.dir/src.c.o   -c /home/dinh/catkin_ws/src/ur3e_control/build/CMakeFiles/CMakeTmp/src.c
Linking C executable cmTC_cefea
/usr/bin/cmake -E cmake_link_script CMakeFiles/cmTC_cefea.dir/link.txt --verbose=1
/usr/bin/cc  -DCMAKE_HAVE_LIBC_PTHREAD    -rdynamic CMakeFiles/cmTC_cefea.dir/src.c.o  -o cmTC_cefea 
/usr/bin/ld: CMakeFiles/cmTC_cefea.dir/src.c.o: in function `main':
src.c:(.text+0x46): undefined reference to `pthread_create'
/usr/bin/ld: src.c:(.text+0x52): undefined reference to `pthread_detach'
/usr/bin/ld: src.c:(.text+0x63): undefined reference to `pthread_join'
collect2: error: ld returned 1 exit status
make[1]: *** [CMakeFiles/cmTC_cefea.dir/build.make:87: cmTC_cefea] Error 1
make[1]: Leaving directory '/home/dinh/catkin_ws/src/ur3e_control/build/CMakeFiles/CMakeTmp'
make: *** [Makefile:121: cmTC_cefea/fast] Error 2


Source file was:
#include <pthread.h>

void* test_func(void* data)
{
  return data;
}

int main(void)
{
  pthread_t thread;
  pthread_create(&thread, NULL, test_func, NULL);
  pthread_detach(thread);
  pthread_join(thread, NULL);
  pthread_atfork(NULL, NULL, NULL);
  pthread_exit(NULL);

  return 0;
}

Determining if the function pthread_create exists in the pthreads failed with the following output:
Change Dir: /home/dinh/catkin_ws/src/ur3e_control/build/CMakeFiles/CMakeTmp

Run Build Command(s):/usr/bin/make cmTC_aa5a7/fast && /usr/bin/make -f CMakeFiles/cmTC_aa5a7.dir/build.make CMakeFiles/cmTC_aa5a7.dir/build
make[1]: Entering directory '/home/dinh/catkin_ws/src/ur3e_control/build/CMakeFiles/CMakeTmp'
Building C object CMakeFiles/cmTC_aa5a7.dir/CheckFunctionExists.c.o
/usr/bin/cc   -DCHECK_FUNCTION_EXISTS=pthread_create   -o CMakeFiles/cmTC_aa5a7.dir/CheckFunctionExists.c.o   -c /usr/share/cmake-3.16/Modules/CheckFunctionExists.c
Linking C executable cmTC_aa5a7
/usr/bin/cmake -E cmake_link_script CMakeFiles/cmTC_aa5a7.dir/link.txt --verbose=1
/usr/bin/cc  -DCHECK_FUNCTION_EXISTS=pthread_create    -rdynamic CMakeFiles/cmTC_aa5a7.dir/CheckFunctionExists.c.o  -o cmTC_aa5a7  -lpthreads 
/usr/bin/ld: cannot find -lpthreads
collect2: error: ld returned 1 exit status
make[1]: *** [CMakeFiles/cmTC_aa5a7.dir/build.make:87: cmTC_aa5a7] Error 1
make[1]: Leaving directory '/home/dinh/catkin_ws/src/ur3e_control/build/CMakeFiles/CMakeTmp'
make: *** [Makefile:121: cmTC_aa5a7/fast] Error 2



Performing C SOURCE FILE Test CMAKE_HAVE_LIBC_PTHREAD failed with the following output:
Change Dir: /home/dinh/catkin_ws/src/ur3e_control/build/CMakeFiles/CMakeTmp

Run Build Command(s):/usr/bin/make cmTC_e6020/fast && /usr/bin/make -f CMakeFiles/cmTC_e6020.dir/build.make CMakeFiles/cmTC_e6020.dir/build
make[1]: Entering directory '/home/dinh/catkin_ws/src/ur3e_control/build/CMakeFiles/CMakeTmp'
Building C object CMakeFiles/cmTC_e6020.dir/src.c.o
/usr/bin/cc   -DCMAKE_HAVE_LIBC_PTHREAD   -o CMakeFiles/cmTC_e6020.dir/src.c.o   -c /home/dinh/catkin_ws/src/ur3e_control/build/CMakeFiles/CMakeTmp/src.c
Linking C executable cmTC_e6020
/usr/bin/cmake -E cmake_link_script CMakeFiles/cmTC_e6020.dir/link.txt --verbose=1
/usr/bin/cc  -DCMAKE_HAVE_LIBC_PTHREAD    -rdynamic CMakeFiles/cmTC_e6020.dir/src.c.o  -o cmTC_e6020 
/usr/bin/ld: CMakeFiles/cmTC_e6020.dir/src.c.o: in function `main':
src.c:(.text+0x46): undefined reference to `pthread_create'
/usr/bin/ld: src.c:(.text+0x52): undefined reference to `pthread_detach'
/usr/bin/ld: src.c:(.text+0x63): undefined reference to `pthread_join'
collect2: error: ld returned 1 exit status
make[1]: *** [CMakeFiles/cmTC_e6020.dir/build.make:87: cmTC_e6020] Error 1
make[1]: Leaving directory '/home/dinh/catkin_ws/src/ur3e_control/build/CMakeFiles/CMakeTmp'
make: *** [Makefile:121: cmTC_e6020/fast] Error 2


Source file was:
#include <pthread.h>

void* test_func(void* data)
{
  return data;
}

int main(void)
{
  pthread_t thread;
  pthread_create(&thread, NULL, test_func, NULL);
  pthread_detach(thread);
  pthread_join(thread, NULL);
  pthread_atfork(NULL, NULL, NULL);
  pthread_exit(NULL);

  return 0;
}

Determining if the function pthread_create exists in the pthreads failed with the following output:
Change Dir: /home/dinh/catkin_ws/src/ur3e_control/build/CMakeFiles/CMakeTmp

Run Build Command(s):/usr/bin/make cmTC_8581a/fast && /usr/bin/make -f CMakeFiles/cmTC_8581a.dir/build.make CMakeFiles/cmTC_8581a.dir/build
make[1]: Entering directory '/home/dinh/catkin_ws/src/ur3e_control/build/CMakeFiles/CMakeTmp'
Building C object CMakeFiles/cmTC_8581a.dir/CheckFunctionExists.c.o
/usr/bin/cc   -DCHECK_FUNCTION_EXISTS=pthread_create   -o CMakeFiles/cmTC_8581a.dir/CheckFunctionExists.c.o   -c /usr/share/cmake-3.16/Modules/CheckFunctionExists.c
Linking C executable cmTC_8581a
/usr/bin/cmake -E cmake_link_script CMakeFiles/cmTC_8581a.dir/link.txt --verbose=1
/usr/bin/cc  -DCHECK_FUNCTION_EXISTS=pthread_create    -rdynamic CMakeFiles/cmTC_8581a.dir/CheckFunctionExists.c.o  -o cmTC_8581a  -lpthreads 
/usr/bin/ld: cannot find -lpthreads
collect2: error: ld returned 1 exit status
make[1]: *** [CMakeFiles/cmTC_8581a.dir/build.make:87: cmTC_8581a] Error 1
make[1]: Leaving directory '/home/dinh/catkin_ws/src/ur3e_control/build/CMakeFiles/CMakeTmp'
make: *** [Makefile:121: cmTC_8581a/fast] Error 2



Performing C SOURCE FILE Test CMAKE_HAVE_LIBC_PTHREAD failed with the following output:
Change Dir: /home/dinh/catkin_ws/src/ur3e_control/build/CMakeFiles/CMakeTmp

Run Build Command(s):/usr/bin/make cmTC_3e943/fast && /usr/bin/make -f CMakeFiles/cmTC_3e943.dir/build.make CMakeFiles/cmTC_3e943.dir/build
make[1]: Entering directory '/home/dinh/catkin_ws/src/ur3e_control/build/CMakeFiles/CMakeTmp'
Building C object CMakeFiles/cmTC_3e943.dir/src.c.o
/usr/bin/cc   -DCMAKE_HAVE_LIBC_PTHREAD   -o CMakeFiles/cmTC_3e943.dir/src.c.o   -c /home/dinh/catkin_ws/src/ur3e_control/build/CMakeFiles/CMakeTmp/src.c
Linking C executable cmTC_3e943
/usr/bin/cmake -E cmake_link_script CMakeFiles/cmTC_3e943.dir/link.txt --verbose=1
/usr/bin/cc  -DCMAKE_HAVE_LIBC_PTHREAD    -rdynamic CMakeFiles/cmTC_3e943.dir/src.c.o  -o cmTC_3e943 
/usr/bin/ld: CMakeFiles/cmTC_3e943.dir/src.c.o: in function `main':
src.c:(.text+0x46): undefined reference to `pthread_create'
/usr/bin/ld: src.c:(.text+0x52): undefined reference to `pthread_detach'
/usr/bin/ld: src.c:(.text+0x63): undefined reference to `pthread_join'
collect2: error: ld returned 1 exit status
make[1]: *** [CMakeFiles/cmTC_3e943.dir/build.make:87: cmTC_3e943] Error 1
make[1]: Leaving directory '/home/dinh/catkin_ws/src/ur3e_control/build/CMakeFiles/CMakeTmp'
make: *** [Makefile:121: cmTC_3e943/fast] Error 2


Source file was:
#include <pthread.h>

void* test_func(void* data)
{
  return data;
}

int main(void)
{
  pthread_t thread;
  pthread_create(&thread, NULL, test_func, NULL);
  pthread_detach(thread);
  pthread_join(thread, NULL);
  pthread_atfork(NULL, NULL, NULL);
  pthread_exit(NULL);

  return 0;
}

Determining if the function pthread_create exists in the pthreads failed with the following output:
Change Dir: /home/dinh/catkin_ws/src/ur3e_control/build/CMakeFiles/CMakeTmp

Run Build Command(s):/usr/bin/make cmTC_abed2/fast && /usr/bin/make -f CMakeFiles/cmTC_abed2.dir/build.make CMakeFiles/cmTC_abed2.dir/build
make[1]: Entering directory '/home/dinh/catkin_ws/src/ur3e_control/build/CMakeFiles/CMakeTmp'
Building C object CMakeFiles/cmTC_abed2.dir/CheckFunctionExists.c.o
/usr/bin/cc   -DCHECK_FUNCTION_EXISTS=pthread_create   -o CMakeFiles/cmTC_abed2.dir/CheckFunctionExists.c.o   -c /usr/share/cmake-3.16/Modules/CheckFunctionExists.c
Linking C executable cmTC_abed2
/usr/bin/cmake -E cmake_link_script CMakeFiles/cmTC_abed2.dir/link.txt --verbose=1
/usr/bin/cc  -DCHECK_FUNCTION_EXISTS=pthread_create    -rdynamic CMakeFiles/cmTC_abed2.dir/CheckFunctionExists.c.o  -o cmTC_abed2  -lpthreads 
/usr/bin/ld: cannot find -lpthreads
collect2: error: ld returned 1 exit status
make[1]: *** [CMakeFiles/cmTC_abed2.dir/build.make:87: cmTC_abed2] Error 1
make[1]: Leaving directory '/home/dinh/catkin_ws/src/ur3e_control/build/CMakeFiles/CMakeTmp'
make: *** [Makefile:121: cmTC_abed2/fast] Error 2



Performing C SOURCE FILE Test CMAKE_HAVE_LIBC_PTHREAD failed with the following output:
Change Dir: /home/dinh/catkin_ws/src/ur3e_control/build/CMakeFiles/CMakeTmp

Run Build Command(s):/usr/bin/make cmTC_9fe0d/fast && /usr/bin/make -f CMakeFiles/cmTC_9fe0d.dir/build.make CMakeFiles/cmTC_9fe0d.dir/build
make[1]: Entering directory '/home/dinh/catkin_ws/src/ur3e_control/build/CMakeFiles/CMakeTmp'
Building C object CMakeFiles/cmTC_9fe0d.dir/src.c.o
/usr/bin/cc   -DCMAKE_HAVE_LIBC_PTHREAD   -o CMakeFiles/cmTC_9fe0d.dir/src.c.o   -c /home/dinh/catkin_ws/src/ur3e_control/build/CMakeFiles/CMakeTmp/src.c
Linking C executable cmTC_9fe0d
/usr/bin/cmake -E cmake_link_script CMakeFiles/cmTC_9fe0d.dir/link.txt --verbose=1
/usr/bin/cc  -DCMAKE_HAVE_LIBC_PTHREAD    -rdynamic CMakeFiles/cmTC_9fe0d.dir/src.c.o  -o cmTC_9fe0d 
/usr/bin/ld: CMakeFiles/cmTC_9fe0d.dir/src.c.o: in function `main':
src.c:(.text+0x46): undefined reference to `pthread_create'
/usr/bin/ld: src.c:(.text+0x52): undefined reference to `pthread_detach'
/usr/bin/ld: src.c:(.text+0x63): undefined reference to `pthread_join'
collect2: error: ld returned 1 exit status
make[1]: *** [CMakeFiles/cmTC_9fe0d.dir/build.make:87: cmTC_9fe0d] Error 1
make[1]: Leaving directory '/home/dinh/catkin_ws/src/ur3e_control/build/CMakeFiles/CMakeTmp'
make: *** [Makefile:121: cmTC_9fe0d/fast] Error 2


Source file was:
#include <pthread.h>

void* test_func(void* data)
{
  return data;
}

int main(void)
{
  pthread_t thread;
  pthread_create(&thread, NULL, test_func, NULL);
  pthread_detach(thread);
  pthread_join(thread, NULL);
  pthread_atfork(NULL, NULL, NULL);
  pthread_exit(NULL);

  return 0;
}

Determining if the function pthread_create exists in the pthreads failed with the following output:
Change Dir: /home/dinh/catkin_ws/src/ur3e_control/build/CMakeFiles/CMakeTmp

Run Build Command(s):/usr/bin/make cmTC_cb964/fast && /usr/bin/make -f CMakeFiles/cmTC_cb964.dir/build.make CMakeFiles/cmTC_cb964.dir/build
make[1]: Entering directory '/home/dinh/catkin_ws/src/ur3e_control/build/CMakeFiles/CMakeTmp'
Building C object CMakeFiles/cmTC_cb964.dir/CheckFunctionExists.c.o
/usr/bin/cc   -DCHECK_FUNCTION_EXISTS=pthread_create   -o CMakeFiles/cmTC_cb964.dir/CheckFunctionExists.c.o   -c /usr/share/cmake-3.16/Modules/CheckFunctionExists.c
Linking C executable cmTC_cb964
/usr/bin/cmake -E cmake_link_script CMakeFiles/cmTC_cb964.dir/link.txt --verbose=1
/usr/bin/cc  -DCHECK_FUNCTION_EXISTS=pthread_create    -rdynamic CMakeFiles/cmTC_cb964.dir/CheckFunctionExists.c.o  -o cmTC_cb964  -lpthreads 
/usr/bin/ld: cannot find -lpthreads
collect2: error: ld returned 1 exit status
make[1]: *** [CMakeFiles/cmTC_cb964.dir/build.make:87: cmTC_cb964] Error 1
make[1]: Leaving directory '/home/dinh/catkin_ws/src/ur3e_control/build/CMakeFiles/CMakeTmp'
make: *** [Makefile:121: cmTC_cb964/fast] Error 2



Performing C SOURCE FILE Test CMAKE_HAVE_LIBC_PTHREAD failed with the following output:
Change Dir: /home/dinh/catkin_ws/src/ur3e_control/build/CMakeFiles/CMakeTmp

Run Build Command(s):/usr/bin/make cmTC_d1dfe/fast && /usr/bin/make -f CMakeFiles/cmTC_d1dfe.dir/build.make CMakeFiles/cmTC_d1dfe.dir/build
make[1]: Entering directory '/home/dinh/catkin_ws/src/ur3e_control/build/CMakeFiles/CMakeTmp'
Building C object CMakeFiles/cmTC_d1dfe.dir/src.c.o
/usr/bin/cc   -DCMAKE_HAVE_LIBC_PTHREAD   -o CMakeFiles/cmTC_d1dfe.dir/src.c.o   -c /home/dinh/catkin_ws/src/ur3e_control/build/CMakeFiles/CMakeTmp/src.c
Linking C executable cmTC_d1dfe
/usr/bin/cmake -E cmake_link_script CMakeFiles/cmTC_d1dfe.dir/link.txt --verbose=1
/usr/bin/cc  -DCMAKE_HAVE_LIBC_PTHREAD    -rdynamic CMakeFiles/cmTC_d1dfe.dir/src.c.o  -o cmTC_d1dfe 
/usr/bin/ld: CMakeFiles/cmTC_d1dfe.dir/src.c.o: in function `main':
src.c:(.text+0x46): undefined reference to `pthread_create'
/usr/bin/ld: src.c:(.text+0x52): undefined reference to `pthread_detach'
/usr/bin/ld: src.c:(.text+0x63): undefined reference to `pthread_join'
collect2: error: ld returned 1 exit status
make[1]: *** [CMakeFiles/cmTC_d1dfe.dir/build.make:87: cmTC_d1dfe] Error 1
make[1]: Leaving directory '/home/dinh/catkin_ws/src/ur3e_control/build/CMakeFiles/CMakeTmp'
make: *** [Makefile:121: cmTC_d1dfe/fast] Error 2


Source file was:
#include <pthread.h>

void* test_func(void* data)
{
  return data;
}

int main(void)
{
  pthread_t thread;
  pthread_create(&thread, NULL, test_func, NULL);
  pthread_detach(thread);
  pthread_join(thread, NULL);
  pthread_atfork(NULL, NULL, NULL);
  pthread_exit(NULL);

  return 0;
}

Determining if the function pthread_create exists in the pthreads failed with the following output:
Change Dir: /home/dinh/catkin_ws/src/ur3e_control/build/CMakeFiles/CMakeTmp

Run Build Command(s):/usr/bin/make cmTC_67e40/fast && /usr/bin/make -f CMakeFiles/cmTC_67e40.dir/build.make CMakeFiles/cmTC_67e40.dir/build
make[1]: Entering directory '/home/dinh/catkin_ws/src/ur3e_control/build/CMakeFiles/CMakeTmp'
Building C object CMakeFiles/cmTC_67e40.dir/CheckFunctionExists.c.o
/usr/bin/cc   -DCHECK_FUNCTION_EXISTS=pthread_create   -o CMakeFiles/cmTC_67e40.dir/CheckFunctionExists.c.o   -c /usr/share/cmake-3.16/Modules/CheckFunctionExists.c
Linking C executable cmTC_67e40
/usr/bin/cmake -E cmake_link_script CMakeFiles/cmTC_67e40.dir/link.txt --verbose=1
/usr/bin/cc  -DCHECK_FUNCTION_EXISTS=pthread_create    -rdynamic CMakeFiles/cmTC_67e40.dir/CheckFunctionExists.c.o  -o cmTC_67e40  -lpthreads 
/usr/bin/ld: cannot find -lpthreads
collect2: error: ld returned 1 exit status
make[1]: *** [CMakeFiles/cmTC_67e40.dir/build.make:87: cmTC_67e40] Error 1
make[1]: Leaving directory '/home/dinh/catkin_ws/src/ur3e_control/build/CMakeFiles/CMakeTmp'
make: *** [Makefile:121: cmTC_67e40/fast] Error 2



Performing C SOURCE FILE Test CMAKE_HAVE_LIBC_PTHREAD failed with the following output:
Change Dir: /home/dinh/catkin_ws/src/ur3e_control/build/CMakeFiles/CMakeTmp

Run Build Command(s):/usr/bin/make cmTC_4969e/fast && /usr/bin/make -f CMakeFiles/cmTC_4969e.dir/build.make CMakeFiles/cmTC_4969e.dir/build
make[1]: Entering directory '/home/dinh/catkin_ws/src/ur3e_control/build/CMakeFiles/CMakeTmp'
Building C object CMakeFiles/cmTC_4969e.dir/src.c.o
/usr/bin/cc   -DCMAKE_HAVE_LIBC_PTHREAD   -o CMakeFiles/cmTC_4969e.dir/src.c.o   -c /home/dinh/catkin_ws/src/ur3e_control/build/CMakeFiles/CMakeTmp/src.c
Linking C executable cmTC_4969e
/usr/bin/cmake -E cmake_link_script CMakeFiles/cmTC_4969e.dir/link.txt --verbose=1
/usr/bin/cc  -DCMAKE_HAVE_LIBC_PTHREAD    -rdynamic CMakeFiles/cmTC_4969e.dir/src.c.o  -o cmTC_4969e 
/usr/bin/ld: CMakeFiles/cmTC_4969e.dir/src.c.o: in function `main':
src.c:(.text+0x46): undefined reference to `pthread_create'
/usr/bin/ld: src.c:(.text+0x52): undefined reference to `pthread_detach'
/usr/bin/ld: src.c:(.text+0x63): undefined reference to `pthread_join'
collect2: error: ld returned 1 exit status
make[1]: *** [CMakeFiles/cmTC_4969e.dir/build.make:87: cmTC_4969e] Error 1
make[1]: Leaving directory '/home/dinh/catkin_ws/src/ur3e_control/build/CMakeFiles/CMakeTmp'
make: *** [Makefile:121: cmTC_4969e/fast] Error 2


Source file was:
#include <pthread.h>

void* test_func(void* data)
{
  return data;
}

int main(void)
{
  pthread_t thread;
  pthread_create(&thread, NULL, test_func, NULL);
  pthread_detach(thread);
  pthread_join(thread, NULL);
  pthread_atfork(NULL, NULL, NULL);
  pthread_exit(NULL);

  return 0;
}

Determining if the function pthread_create exists in the pthreads failed with the following output:
Change Dir: /home/dinh/catkin_ws/src/ur3e_control/build/CMakeFiles/CMakeTmp

Run Build Command(s):/usr/bin/make cmTC_32092/fast && /usr/bin/make -f CMakeFiles/cmTC_32092.dir/build.make CMakeFiles/cmTC_32092.dir/build
make[1]: Entering directory '/home/dinh/catkin_ws/src/ur3e_control/build/CMakeFiles/CMakeTmp'
Building C object CMakeFiles/cmTC_32092.dir/CheckFunctionExists.c.o
/usr/bin/cc   -DCHECK_FUNCTION_EXISTS=pthread_create   -o CMakeFiles/cmTC_32092.dir/CheckFunctionExists.c.o   -c /usr/share/cmake-3.16/Modules/CheckFunctionExists.c
Linking C executable cmTC_32092
/usr/bin/cmake -E cmake_link_script CMakeFiles/cmTC_32092.dir/link.txt --verbose=1
/usr/bin/cc  -DCHECK_FUNCTION_EXISTS=pthread_create    -rdynamic CMakeFiles/cmTC_32092.dir/CheckFunctionExists.c.o  -o cmTC_32092  -lpthreads 
/usr/bin/ld: cannot find -lpthreads
collect2: error: ld returned 1 exit status
make[1]: *** [CMakeFiles/cmTC_32092.dir/build.make:87: cmTC_32092] Error 1
make[1]: Leaving directory '/home/dinh/catkin_ws/src/ur3e_control/build/CMakeFiles/CMakeTmp'
make: *** [Makefile:121: cmTC_32092/fast] Error 2



Performing C SOURCE FILE Test CMAKE_HAVE_LIBC_PTHREAD failed with the following output:
Change Dir: /home/dinh/catkin_ws/src/ur3e_control/build/CMakeFiles/CMakeTmp

Run Build Command(s):/usr/bin/make cmTC_7a524/fast && /usr/bin/make -f CMakeFiles/cmTC_7a524.dir/build.make CMakeFiles/cmTC_7a524.dir/build
make[1]: Entering directory '/home/dinh/catkin_ws/src/ur3e_control/build/CMakeFiles/CMakeTmp'
Building C object CMakeFiles/cmTC_7a524.dir/src.c.o
/usr/bin/cc   -DCMAKE_HAVE_LIBC_PTHREAD   -o CMakeFiles/cmTC_7a524.dir/src.c.o   -c /home/dinh/catkin_ws/src/ur3e_control/build/CMakeFiles/CMakeTmp/src.c
Linking C executable cmTC_7a524
/usr/bin/cmake -E cmake_link_script CMakeFiles/cmTC_7a524.dir/link.txt --verbose=1
/usr/bin/cc  -DCMAKE_HAVE_LIBC_PTHREAD    -rdynamic CMakeFiles/cmTC_7a524.dir/src.c.o  -o cmTC_7a524 
/usr/bin/ld: CMakeFiles/cmTC_7a524.dir/src.c.o: in function `main':
src.c:(.text+0x46): undefined reference to `pthread_create'
/usr/bin/ld: src.c:(.text+0x52): undefined reference to `pthread_detach'
/usr/bin/ld: src.c:(.text+0x63): undefined reference to `pthread_join'
collect2: error: ld returned 1 exit status
make[1]: *** [CMakeFiles/cmTC_7a524.dir/build.make:87: cmTC_7a524] Error 1
make[1]: Leaving directory '/home/dinh/catkin_ws/src/ur3e_control/build/CMakeFiles/CMakeTmp'
make: *** [Makefile:121: cmTC_7a524/fast] Error 2


Source file was:
#include <pthread.h>

void* test_func(void* data)
{
  return data;
}

int main(void)
{
  pthread_t thread;
  pthread_create(&thread, NULL, test_func, NULL);
  pthread_detach(thread);
  pthread_join(thread, NULL);
  pthread_atfork(NULL, NULL, NULL);
  pthread_exit(NULL);

  return 0;
}

Determining if the function pthread_create exists in the pthreads failed with the following output:
Change Dir: /home/dinh/catkin_ws/src/ur3e_control/build/CMakeFiles/CMakeTmp

Run Build Command(s):/usr/bin/make cmTC_efa16/fast && /usr/bin/make -f CMakeFiles/cmTC_efa16.dir/build.make CMakeFiles/cmTC_efa16.dir/build
make[1]: Entering directory '/home/dinh/catkin_ws/src/ur3e_control/build/CMakeFiles/CMakeTmp'
Building C object CMakeFiles/cmTC_efa16.dir/CheckFunctionExists.c.o
/usr/bin/cc   -DCHECK_FUNCTION_EXISTS=pthread_create   -o CMakeFiles/cmTC_efa16.dir/CheckFunctionExists.c.o   -c /usr/share/cmake-3.16/Modules/CheckFunctionExists.c
Linking C executable cmTC_efa16
/usr/bin/cmake -E cmake_link_script CMakeFiles/cmTC_efa16.dir/link.txt --verbose=1
/usr/bin/cc  -DCHECK_FUNCTION_EXISTS=pthread_create    -rdynamic CMakeFiles/cmTC_efa16.dir/CheckFunctionExists.c.o  -o cmTC_efa16  -lpthreads 
/usr/bin/ld: cannot find -lpthreads
collect2: error: ld returned 1 exit status
make[1]: *** [CMakeFiles/cmTC_efa16.dir/build.make:87: cmTC_efa16] Error 1
make[1]: Leaving directory '/home/dinh/catkin_ws/src/ur3e_control/build/CMakeFiles/CMakeTmp'
make: *** [Makefile:121: cmTC_efa16/fast] Error 2



Performing C SOURCE FILE Test CMAKE_HAVE_LIBC_PTHREAD failed with the following output:
Change Dir: /home/dinh/catkin_ws/src/ur3e_control/build/CMakeFiles/CMakeTmp

Run Build Command(s):/usr/bin/make cmTC_17f92/fast && /usr/bin/make -f CMakeFiles/cmTC_17f92.dir/build.make CMakeFiles/cmTC_17f92.dir/build
make[1]: Entering directory '/home/dinh/catkin_ws/src/ur3e_control/build/CMakeFiles/CMakeTmp'
Building C object CMakeFiles/cmTC_17f92.dir/src.c.o
/usr/bin/cc   -DCMAKE_HAVE_LIBC_PTHREAD   -o CMakeFiles/cmTC_17f92.dir/src.c.o   -c /home/dinh/catkin_ws/src/ur3e_control/build/CMakeFiles/CMakeTmp/src.c
Linking C executable cmTC_17f92
/usr/bin/cmake -E cmake_link_script CMakeFiles/cmTC_17f92.dir/link.txt --verbose=1
/usr/bin/cc  -DCMAKE_HAVE_LIBC_PTHREAD    -rdynamic CMakeFiles/cmTC_17f92.dir/src.c.o  -o cmTC_17f92 
/usr/bin/ld: CMakeFiles/cmTC_17f92.dir/src.c.o: in function `main':
src.c:(.text+0x46): undefined reference to `pthread_create'
/usr/bin/ld: src.c:(.text+0x52): undefined reference to `pthread_detach'
/usr/bin/ld: src.c:(.text+0x63): undefined reference to `pthread_join'
collect2: error: ld returned 1 exit status
make[1]: *** [CMakeFiles/cmTC_17f92.dir/build.make:87: cmTC_17f92] Error 1
make[1]: Leaving directory '/home/dinh/catkin_ws/src/ur3e_control/build/CMakeFiles/CMakeTmp'
make: *** [Makefile:121: cmTC_17f92/fast] Error 2


Source file was:
#include <pthread.h>

void* test_func(void* data)
{
  return data;
}

int main(void)
{
  pthread_t thread;
  pthread_create(&thread, NULL, test_func, NULL);
  pthread_detach(thread);
  pthread_join(thread, NULL);
  pthread_atfork(NULL, NULL, NULL);
  pthread_exit(NULL);

  return 0;
}

Determining if the function pthread_create exists in the pthreads failed with the following output:
Change Dir: /home/dinh/catkin_ws/src/ur3e_control/build/CMakeFiles/CMakeTmp

Run Build Command(s):/usr/bin/make cmTC_83ce4/fast && /usr/bin/make -f CMakeFiles/cmTC_83ce4.dir/build.make CMakeFiles/cmTC_83ce4.dir/build
make[1]: Entering directory '/home/dinh/catkin_ws/src/ur3e_control/build/CMakeFiles/CMakeTmp'
Building C object CMakeFiles/cmTC_83ce4.dir/CheckFunctionExists.c.o
/usr/bin/cc   -DCHECK_FUNCTION_EXISTS=pthread_create   -o CMakeFiles/cmTC_83ce4.dir/CheckFunctionExists.c.o   -c /usr/share/cmake-3.16/Modules/CheckFunctionExists.c
Linking C executable cmTC_83ce4
/usr/bin/cmake -E cmake_link_script CMakeFiles/cmTC_83ce4.dir/link.txt --verbose=1
/usr/bin/cc  -DCHECK_FUNCTION_EXISTS=pthread_create    -rdynamic CMakeFiles/cmTC_83ce4.dir/CheckFunctionExists.c.o  -o cmTC_83ce4  -lpthreads 
/usr/bin/ld: cannot find -lpthreads
collect2: error: ld returned 1 exit status
make[1]: *** [CMakeFiles/cmTC_83ce4.dir/build.make:87: cmTC_83ce4] Error 1
make[1]: Leaving directory '/home/dinh/catkin_ws/src/ur3e_control/build/CMakeFiles/CMakeTmp'
make: *** [Makefile:121: cmTC_83ce4/fast] Error 2



Performing C SOURCE FILE Test CMAKE_HAVE_LIBC_PTHREAD failed with the following output:
Change Dir: /home/dinh/catkin_ws/src/ur3e_control/build/CMakeFiles/CMakeTmp

Run Build Command(s):/usr/bin/make cmTC_d2355/fast && /usr/bin/make -f CMakeFiles/cmTC_d2355.dir/build.make CMakeFiles/cmTC_d2355.dir/build
make[1]: Entering directory '/home/dinh/catkin_ws/src/ur3e_control/build/CMakeFiles/CMakeTmp'
Building C object CMakeFiles/cmTC_d2355.dir/src.c.o
/usr/bin/cc   -DCMAKE_HAVE_LIBC_PTHREAD   -o CMakeFiles/cmTC_d2355.dir/src.c.o   -c /home/dinh/catkin_ws/src/ur3e_control/build/CMakeFiles/CMakeTmp/src.c
Linking C executable cmTC_d2355
/usr/bin/cmake -E cmake_link_script CMakeFiles/cmTC_d2355.dir/link.txt --verbose=1
/usr/bin/cc  -DCMAKE_HAVE_LIBC_PTHREAD    -rdynamic CMakeFiles/cmTC_d2355.dir/src.c.o  -o cmTC_d2355 
/usr/bin/ld: CMakeFiles/cmTC_d2355.dir/src.c.o: in function `main':
src.c:(.text+0x46): undefined reference to `pthread_create'
/usr/bin/ld: src.c:(.text+0x52): undefined reference to `pthread_detach'
/usr/bin/ld: src.c:(.text+0x63): undefined reference to `pthread_join'
collect2: error: ld returned 1 exit status
make[1]: *** [CMakeFiles/cmTC_d2355.dir/build.make:87: cmTC_d2355] Error 1
make[1]: Leaving directory '/home/dinh/catkin_ws/src/ur3e_control/build/CMakeFiles/CMakeTmp'
make: *** [Makefile:121: cmTC_d2355/fast] Error 2


Source file was:
#include <pthread.h>

void* test_func(void* data)
{
  return data;
}

int main(void)
{
  pthread_t thread;
  pthread_create(&thread, NULL, test_func, NULL);
  pthread_detach(thread);
  pthread_join(thread, NULL);
  pthread_atfork(NULL, NULL, NULL);
  pthread_exit(NULL);

  return 0;
}

Determining if the function pthread_create exists in the pthreads failed with the following output:
Change Dir: /home/dinh/catkin_ws/src/ur3e_control/build/CMakeFiles/CMakeTmp

Run Build Command(s):/usr/bin/make cmTC_69077/fast && /usr/bin/make -f CMakeFiles/cmTC_69077.dir/build.make CMakeFiles/cmTC_69077.dir/build
make[1]: Entering directory '/home/dinh/catkin_ws/src/ur3e_control/build/CMakeFiles/CMakeTmp'
Building C object CMakeFiles/cmTC_69077.dir/CheckFunctionExists.c.o
/usr/bin/cc   -DCHECK_FUNCTION_EXISTS=pthread_create   -o CMakeFiles/cmTC_69077.dir/CheckFunctionExists.c.o   -c /usr/share/cmake-3.16/Modules/CheckFunctionExists.c
Linking C executable cmTC_69077
/usr/bin/cmake -E cmake_link_script CMakeFiles/cmTC_69077.dir/link.txt --verbose=1
/usr/bin/cc  -DCHECK_FUNCTION_EXISTS=pthread_create    -rdynamic CMakeFiles/cmTC_69077.dir/CheckFunctionExists.c.o  -o cmTC_69077  -lpthreads 
/usr/bin/ld: cannot find -lpthreads
collect2: error: ld returned 1 exit status
make[1]: *** [CMakeFiles/cmTC_69077.dir/build.make:87: cmTC_69077] Error 1
make[1]: Leaving directory '/home/dinh/catkin_ws/src/ur3e_control/build/CMakeFiles/CMakeTmp'
make: *** [Makefile:121: cmTC_69077/fast] Error 2



Performing C SOURCE FILE Test CMAKE_HAVE_LIBC_PTHREAD failed with the following output:
Change Dir: /home/dinh/catkin_ws/src/ur3e_control/build/CMakeFiles/CMakeTmp

Run Build Command(s):/usr/bin/make cmTC_638e9/fast && /usr/bin/make -f CMakeFiles/cmTC_638e9.dir/build.make CMakeFiles/cmTC_638e9.dir/build
make[1]: Entering directory '/home/dinh/catkin_ws/src/ur3e_control/build/CMakeFiles/CMakeTmp'
Building C object CMakeFiles/cmTC_638e9.dir/src.c.o
/usr/bin/cc   -DCMAKE_HAVE_LIBC_PTHREAD   -o CMakeFiles/cmTC_638e9.dir/src.c.o   -c /home/dinh/catkin_ws/src/ur3e_control/build/CMakeFiles/CMakeTmp/src.c
Linking C executable cmTC_638e9
/usr/bin/cmake -E cmake_link_script CMakeFiles/cmTC_638e9.dir/link.txt --verbose=1
/usr/bin/cc  -DCMAKE_HAVE_LIBC_PTHREAD    -rdynamic CMakeFiles/cmTC_638e9.dir/src.c.o  -o cmTC_638e9 
/usr/bin/ld: CMakeFiles/cmTC_638e9.dir/src.c.o: in function `main':
src.c:(.text+0x46): undefined reference to `pthread_create'
/usr/bin/ld: src.c:(.text+0x52): undefined reference to `pthread_detach'
/usr/bin/ld: src.c:(.text+0x63): undefined reference to `pthread_join'
collect2: error: ld returned 1 exit status
make[1]: *** [CMakeFiles/cmTC_638e9.dir/build.make:87: cmTC_638e9] Error 1
make[1]: Leaving directory '/home/dinh/catkin_ws/src/ur3e_control/build/CMakeFiles/CMakeTmp'
make: *** [Makefile:121: cmTC_638e9/fast] Error 2


Source file was:
#include <pthread.h>

void* test_func(void* data)
{
  return data;
}

int main(void)
{
  pthread_t thread;
  pthread_create(&thread, NULL, test_func, NULL);
  pthread_detach(thread);
  pthread_join(thread, NULL);
  pthread_atfork(NULL, NULL, NULL);
  pthread_exit(NULL);

  return 0;
}

Determining if the function pthread_create exists in the pthreads failed with the following output:
Change Dir: /home/dinh/catkin_ws/src/ur3e_control/build/CMakeFiles/CMakeTmp

Run Build Command(s):/usr/bin/make cmTC_2263d/fast && /usr/bin/make -f CMakeFiles/cmTC_2263d.dir/build.make CMakeFiles/cmTC_2263d.dir/build
make[1]: Entering directory '/home/dinh/catkin_ws/src/ur3e_control/build/CMakeFiles/CMakeTmp'
Building C object CMakeFiles/cmTC_2263d.dir/CheckFunctionExists.c.o
/usr/bin/cc   -DCHECK_FUNCTION_EXISTS=pthread_create   -o CMakeFiles/cmTC_2263d.dir/CheckFunctionExists.c.o   -c /usr/share/cmake-3.16/Modules/CheckFunctionExists.c
Linking C executable cmTC_2263d
/usr/bin/cmake -E cmake_link_script CMakeFiles/cmTC_2263d.dir/link.txt --verbose=1
/usr/bin/cc  -DCHECK_FUNCTION_EXISTS=pthread_create    -rdynamic CMakeFiles/cmTC_2263d.dir/CheckFunctionExists.c.o  -o cmTC_2263d  -lpthreads 
/usr/bin/ld: cannot find -lpthreads
collect2: error: ld returned 1 exit status
make[1]: *** [CMakeFiles/cmTC_2263d.dir/build.make:87: cmTC_2263d] Error 1
make[1]: Leaving directory '/home/dinh/catkin_ws/src/ur3e_control/build/CMakeFiles/CMakeTmp'
make: *** [Makefile:121: cmTC_2263d/fast] Error 2



Performing C SOURCE FILE Test CMAKE_HAVE_LIBC_PTHREAD failed with the following output:
Change Dir: /home/dinh/catkin_ws/src/ur3e_control/build/CMakeFiles/CMakeTmp

Run Build Command(s):/usr/bin/make cmTC_e7158/fast && /usr/bin/make -f CMakeFiles/cmTC_e7158.dir/build.make CMakeFiles/cmTC_e7158.dir/build
make[1]: Entering directory '/home/dinh/catkin_ws/src/ur3e_control/build/CMakeFiles/CMakeTmp'
Building C object CMakeFiles/cmTC_e7158.dir/src.c.o
/usr/bin/cc   -DCMAKE_HAVE_LIBC_PTHREAD   -o CMakeFiles/cmTC_e7158.dir/src.c.o   -c /home/dinh/catkin_ws/src/ur3e_control/build/CMakeFiles/CMakeTmp/src.c
Linking C executable cmTC_e7158
/usr/bin/cmake -E cmake_link_script CMakeFiles/cmTC_e7158.dir/link.txt --verbose=1
/usr/bin/cc  -DCMAKE_HAVE_LIBC_PTHREAD    -rdynamic CMakeFiles/cmTC_e7158.dir/src.c.o  -o cmTC_e7158 
/usr/bin/ld: CMakeFiles/cmTC_e7158.dir/src.c.o: in function `main':
src.c:(.text+0x46): undefined reference to `pthread_create'
/usr/bin/ld: src.c:(.text+0x52): undefined reference to `pthread_detach'
/usr/bin/ld: src.c:(.text+0x63): undefined reference to `pthread_join'
collect2: error: ld returned 1 exit status
make[1]: *** [CMakeFiles/cmTC_e7158.dir/build.make:87: cmTC_e7158] Error 1
make[1]: Leaving directory '/home/dinh/catkin_ws/src/ur3e_control/build/CMakeFiles/CMakeTmp'
make: *** [Makefile:121: cmTC_e7158/fast] Error 2


Source file was:
#include <pthread.h>

void* test_func(void* data)
{
  return data;
}

int main(void)
{
  pthread_t thread;
  pthread_create(&thread, NULL, test_func, NULL);
  pthread_detach(thread);
  pthread_join(thread, NULL);
  pthread_atfork(NULL, NULL, NULL);
  pthread_exit(NULL);

  return 0;
}

Determining if the function pthread_create exists in the pthreads failed with the following output:
Change Dir: /home/dinh/catkin_ws/src/ur3e_control/build/CMakeFiles/CMakeTmp

Run Build Command(s):/usr/bin/make cmTC_091ab/fast && /usr/bin/make -f CMakeFiles/cmTC_091ab.dir/build.make CMakeFiles/cmTC_091ab.dir/build
make[1]: Entering directory '/home/dinh/catkin_ws/src/ur3e_control/build/CMakeFiles/CMakeTmp'
Building C object CMakeFiles/cmTC_091ab.dir/CheckFunctionExists.c.o
/usr/bin/cc   -DCHECK_FUNCTION_EXISTS=pthread_create   -o CMakeFiles/cmTC_091ab.dir/CheckFunctionExists.c.o   -c /usr/share/cmake-3.16/Modules/CheckFunctionExists.c
Linking C executable cmTC_091ab
/usr/bin/cmake -E cmake_link_script CMakeFiles/cmTC_091ab.dir/link.txt --verbose=1
/usr/bin/cc  -DCHECK_FUNCTION_EXISTS=pthread_create    -rdynamic CMakeFiles/cmTC_091ab.dir/CheckFunctionExists.c.o  -o cmTC_091ab  -lpthreads 
/usr/bin/ld: cannot find -lpthreads
collect2: error: ld returned 1 exit status
make[1]: *** [CMakeFiles/cmTC_091ab.dir/build.make:87: cmTC_091ab] Error 1
make[1]: Leaving directory '/home/dinh/catkin_ws/src/ur3e_control/build/CMakeFiles/CMakeTmp'
make: *** [Makefile:121: cmTC_091ab/fast] Error 2



Performing C SOURCE FILE Test CMAKE_HAVE_LIBC_PTHREAD failed with the following output:
Change Dir: /home/dinh/catkin_ws/src/ur3e_control/build/CMakeFiles/CMakeTmp

Run Build Command(s):/usr/bin/make cmTC_3c477/fast && /usr/bin/make -f CMakeFiles/cmTC_3c477.dir/build.make CMakeFiles/cmTC_3c477.dir/build
make[1]: Entering directory '/home/dinh/catkin_ws/src/ur3e_control/build/CMakeFiles/CMakeTmp'
Building C object CMakeFiles/cmTC_3c477.dir/src.c.o
/usr/bin/cc   -DCMAKE_HAVE_LIBC_PTHREAD   -o CMakeFiles/cmTC_3c477.dir/src.c.o   -c /home/dinh/catkin_ws/src/ur3e_control/build/CMakeFiles/CMakeTmp/src.c
Linking C executable cmTC_3c477
/usr/bin/cmake -E cmake_link_script CMakeFiles/cmTC_3c477.dir/link.txt --verbose=1
/usr/bin/cc  -DCMAKE_HAVE_LIBC_PTHREAD    -rdynamic CMakeFiles/cmTC_3c477.dir/src.c.o  -o cmTC_3c477 
/usr/bin/ld: CMakeFiles/cmTC_3c477.dir/src.c.o: in function `main':
src.c:(.text+0x46): undefined reference to `pthread_create'
/usr/bin/ld: src.c:(.text+0x52): undefined reference to `pthread_detach'
/usr/bin/ld: src.c:(.text+0x63): undefined reference to `pthread_join'
collect2: error: ld returned 1 exit status
make[1]: *** [CMakeFiles/cmTC_3c477.dir/build.make:87: cmTC_3c477] Error 1
make[1]: Leaving directory '/home/dinh/catkin_ws/src/ur3e_control/build/CMakeFiles/CMakeTmp'
make: *** [Makefile:121: cmTC_3c477/fast] Error 2


Source file was:
#include <pthread.h>

void* test_func(void* data)
{
  return data;
}

int main(void)
{
  pthread_t thread;
  pthread_create(&thread, NULL, test_func, NULL);
  pthread_detach(thread);
  pthread_join(thread, NULL);
  pthread_atfork(NULL, NULL, NULL);
  pthread_exit(NULL);

  return 0;
}

Determining if the function pthread_create exists in the pthreads failed with the following output:
Change Dir: /home/dinh/catkin_ws/src/ur3e_control/build/CMakeFiles/CMakeTmp

Run Build Command(s):/usr/bin/make cmTC_29151/fast && /usr/bin/make -f CMakeFiles/cmTC_29151.dir/build.make CMakeFiles/cmTC_29151.dir/build
make[1]: Entering directory '/home/dinh/catkin_ws/src/ur3e_control/build/CMakeFiles/CMakeTmp'
Building C object CMakeFiles/cmTC_29151.dir/CheckFunctionExists.c.o
/usr/bin/cc   -DCHECK_FUNCTION_EXISTS=pthread_create   -o CMakeFiles/cmTC_29151.dir/CheckFunctionExists.c.o   -c /usr/share/cmake-3.16/Modules/CheckFunctionExists.c
Linking C executable cmTC_29151
/usr/bin/cmake -E cmake_link_script CMakeFiles/cmTC_29151.dir/link.txt --verbose=1
/usr/bin/cc  -DCHECK_FUNCTION_EXISTS=pthread_create    -rdynamic CMakeFiles/cmTC_29151.dir/CheckFunctionExists.c.o  -o cmTC_29151  -lpthreads 
/usr/bin/ld: cannot find -lpthreads
collect2: error: ld returned 1 exit status
make[1]: *** [CMakeFiles/cmTC_29151.dir/build.make:87: cmTC_29151] Error 1
make[1]: Leaving directory '/home/dinh/catkin_ws/src/ur3e_control/build/CMakeFiles/CMakeTmp'
make: *** [Makefile:121: cmTC_29151/fast] Error 2



Performing C SOURCE FILE Test CMAKE_HAVE_LIBC_PTHREAD failed with the following output:
Change Dir: /home/dinh/catkin_ws/src/ur3e_control/build/CMakeFiles/CMakeTmp

Run Build Command(s):/usr/bin/make cmTC_b24b2/fast && /usr/bin/make -f CMakeFiles/cmTC_b24b2.dir/build.make CMakeFiles/cmTC_b24b2.dir/build
make[1]: Entering directory '/home/dinh/catkin_ws/src/ur3e_control/build/CMakeFiles/CMakeTmp'
Building C object CMakeFiles/cmTC_b24b2.dir/src.c.o
/usr/bin/cc   -DCMAKE_HAVE_LIBC_PTHREAD   -o CMakeFiles/cmTC_b24b2.dir/src.c.o   -c /home/dinh/catkin_ws/src/ur3e_control/build/CMakeFiles/CMakeTmp/src.c
Linking C executable cmTC_b24b2
/usr/bin/cmake -E cmake_link_script CMakeFiles/cmTC_b24b2.dir/link.txt --verbose=1
/usr/bin/cc  -DCMAKE_HAVE_LIBC_PTHREAD    -rdynamic CMakeFiles/cmTC_b24b2.dir/src.c.o  -o cmTC_b24b2 
/usr/bin/ld: CMakeFiles/cmTC_b24b2.dir/src.c.o: in function `main':
src.c:(.text+0x46): undefined reference to `pthread_create'
/usr/bin/ld: src.c:(.text+0x52): undefined reference to `pthread_detach'
/usr/bin/ld: src.c:(.text+0x63): undefined reference to `pthread_join'
collect2: error: ld returned 1 exit status
make[1]: *** [CMakeFiles/cmTC_b24b2.dir/build.make:87: cmTC_b24b2] Error 1
make[1]: Leaving directory '/home/dinh/catkin_ws/src/ur3e_control/build/CMakeFiles/CMakeTmp'
make: *** [Makefile:121: cmTC_b24b2/fast] Error 2


Source file was:
#include <pthread.h>

void* test_func(void* data)
{
  return data;
}

int main(void)
{
  pthread_t thread;
  pthread_create(&thread, NULL, test_func, NULL);
  pthread_detach(thread);
  pthread_join(thread, NULL);
  pthread_atfork(NULL, NULL, NULL);
  pthread_exit(NULL);

  return 0;
}

Determining if the function pthread_create exists in the pthreads failed with the following output:
Change Dir: /home/dinh/catkin_ws/src/ur3e_control/build/CMakeFiles/CMakeTmp

Run Build Command(s):/usr/bin/make cmTC_37f7c/fast && /usr/bin/make -f CMakeFiles/cmTC_37f7c.dir/build.make CMakeFiles/cmTC_37f7c.dir/build
make[1]: Entering directory '/home/dinh/catkin_ws/src/ur3e_control/build/CMakeFiles/CMakeTmp'
Building C object CMakeFiles/cmTC_37f7c.dir/CheckFunctionExists.c.o
/usr/bin/cc   -DCHECK_FUNCTION_EXISTS=pthread_create   -o CMakeFiles/cmTC_37f7c.dir/CheckFunctionExists.c.o   -c /usr/share/cmake-3.16/Modules/CheckFunctionExists.c
Linking C executable cmTC_37f7c
/usr/bin/cmake -E cmake_link_script CMakeFiles/cmTC_37f7c.dir/link.txt --verbose=1
/usr/bin/cc  -DCHECK_FUNCTION_EXISTS=pthread_create    -rdynamic CMakeFiles/cmTC_37f7c.dir/CheckFunctionExists.c.o  -o cmTC_37f7c  -lpthreads 
/usr/bin/ld: cannot find -lpthreads
collect2: error: ld returned 1 exit status
make[1]: *** [CMakeFiles/cmTC_37f7c.dir/build.make:87: cmTC_37f7c] Error 1
make[1]: Leaving directory '/home/dinh/catkin_ws/src/ur3e_control/build/CMakeFiles/CMakeTmp'
make: *** [Makefile:121: cmTC_37f7c/fast] Error 2



Performing C SOURCE FILE Test CMAKE_HAVE_LIBC_PTHREAD failed with the following output:
Change Dir: /home/dinh/catkin_ws/src/ur3e_control/build/CMakeFiles/CMakeTmp

Run Build Command(s):/usr/bin/make cmTC_e6745/fast && /usr/bin/make -f CMakeFiles/cmTC_e6745.dir/build.make CMakeFiles/cmTC_e6745.dir/build
make[1]: Entering directory '/home/dinh/catkin_ws/src/ur3e_control/build/CMakeFiles/CMakeTmp'
Building C object CMakeFiles/cmTC_e6745.dir/src.c.o
/usr/bin/cc   -DCMAKE_HAVE_LIBC_PTHREAD   -o CMakeFiles/cmTC_e6745.dir/src.c.o   -c /home/dinh/catkin_ws/src/ur3e_control/build/CMakeFiles/CMakeTmp/src.c
Linking C executable cmTC_e6745
/usr/bin/cmake -E cmake_link_script CMakeFiles/cmTC_e6745.dir/link.txt --verbose=1
/usr/bin/cc  -DCMAKE_HAVE_LIBC_PTHREAD    -rdynamic CMakeFiles/cmTC_e6745.dir/src.c.o  -o cmTC_e6745 
/usr/bin/ld: CMakeFiles/cmTC_e6745.dir/src.c.o: in function `main':
src.c:(.text+0x46): undefined reference to `pthread_create'
/usr/bin/ld: src.c:(.text+0x52): undefined reference to `pthread_detach'
/usr/bin/ld: src.c:(.text+0x63): undefined reference to `pthread_join'
collect2: error: ld returned 1 exit status
make[1]: *** [CMakeFiles/cmTC_e6745.dir/build.make:87: cmTC_e6745] Error 1
make[1]: Leaving directory '/home/dinh/catkin_ws/src/ur3e_control/build/CMakeFiles/CMakeTmp'
make: *** [Makefile:121: cmTC_e6745/fast] Error 2


Source file was:
#include <pthread.h>

void* test_func(void* data)
{
  return data;
}

int main(void)
{
  pthread_t thread;
  pthread_create(&thread, NULL, test_func, NULL);
  pthread_detach(thread);
  pthread_join(thread, NULL);
  pthread_atfork(NULL, NULL, NULL);
  pthread_exit(NULL);

  return 0;
}

Determining if the function pthread_create exists in the pthreads failed with the following output:
Change Dir: /home/dinh/catkin_ws/src/ur3e_control/build/CMakeFiles/CMakeTmp

Run Build Command(s):/usr/bin/make cmTC_46adc/fast && /usr/bin/make -f CMakeFiles/cmTC_46adc.dir/build.make CMakeFiles/cmTC_46adc.dir/build
make[1]: Entering directory '/home/dinh/catkin_ws/src/ur3e_control/build/CMakeFiles/CMakeTmp'
Building C object CMakeFiles/cmTC_46adc.dir/CheckFunctionExists.c.o
/usr/bin/cc   -DCHECK_FUNCTION_EXISTS=pthread_create   -o CMakeFiles/cmTC_46adc.dir/CheckFunctionExists.c.o   -c /usr/share/cmake-3.16/Modules/CheckFunctionExists.c
Linking C executable cmTC_46adc
/usr/bin/cmake -E cmake_link_script CMakeFiles/cmTC_46adc.dir/link.txt --verbose=1
/usr/bin/cc  -DCHECK_FUNCTION_EXISTS=pthread_create    -rdynamic CMakeFiles/cmTC_46adc.dir/CheckFunctionExists.c.o  -o cmTC_46adc  -lpthreads 
/usr/bin/ld: cannot find -lpthreads
collect2: error: ld returned 1 exit status
make[1]: *** [CMakeFiles/cmTC_46adc.dir/build.make:87: cmTC_46adc] Error 1
make[1]: Leaving directory '/home/dinh/catkin_ws/src/ur3e_control/build/CMakeFiles/CMakeTmp'
make: *** [Makefile:121: cmTC_46adc/fast] Error 2



Performing C SOURCE FILE Test CMAKE_HAVE_LIBC_PTHREAD failed with the following output:
Change Dir: /home/dinh/catkin_ws/src/ur3e_control/build/CMakeFiles/CMakeTmp

Run Build Command(s):/usr/bin/make cmTC_1a4c0/fast && /usr/bin/make -f CMakeFiles/cmTC_1a4c0.dir/build.make CMakeFiles/cmTC_1a4c0.dir/build
make[1]: Entering directory '/home/dinh/catkin_ws/src/ur3e_control/build/CMakeFiles/CMakeTmp'
Building C object CMakeFiles/cmTC_1a4c0.dir/src.c.o
/usr/bin/cc   -DCMAKE_HAVE_LIBC_PTHREAD   -o CMakeFiles/cmTC_1a4c0.dir/src.c.o   -c /home/dinh/catkin_ws/src/ur3e_control/build/CMakeFiles/CMakeTmp/src.c
Linking C executable cmTC_1a4c0
/usr/bin/cmake -E cmake_link_script CMakeFiles/cmTC_1a4c0.dir/link.txt --verbose=1
/usr/bin/cc  -DCMAKE_HAVE_LIBC_PTHREAD    -rdynamic CMakeFiles/cmTC_1a4c0.dir/src.c.o  -o cmTC_1a4c0 
/usr/bin/ld: CMakeFiles/cmTC_1a4c0.dir/src.c.o: in function `main':
src.c:(.text+0x46): undefined reference to `pthread_create'
/usr/bin/ld: src.c:(.text+0x52): undefined reference to `pthread_detach'
/usr/bin/ld: src.c:(.text+0x63): undefined reference to `pthread_join'
collect2: error: ld returned 1 exit status
make[1]: *** [CMakeFiles/cmTC_1a4c0.dir/build.make:87: cmTC_1a4c0] Error 1
make[1]: Leaving directory '/home/dinh/catkin_ws/src/ur3e_control/build/CMakeFiles/CMakeTmp'
make: *** [Makefile:121: cmTC_1a4c0/fast] Error 2


Source file was:
#include <pthread.h>

void* test_func(void* data)
{
  return data;
}

int main(void)
{
  pthread_t thread;
  pthread_create(&thread, NULL, test_func, NULL);
  pthread_detach(thread);
  pthread_join(thread, NULL);
  pthread_atfork(NULL, NULL, NULL);
  pthread_exit(NULL);

  return 0;
}

Determining if the function pthread_create exists in the pthreads failed with the following output:
Change Dir: /home/dinh/catkin_ws/src/ur3e_control/build/CMakeFiles/CMakeTmp

Run Build Command(s):/usr/bin/make cmTC_dc53d/fast && /usr/bin/make -f CMakeFiles/cmTC_dc53d.dir/build.make CMakeFiles/cmTC_dc53d.dir/build
make[1]: Entering directory '/home/dinh/catkin_ws/src/ur3e_control/build/CMakeFiles/CMakeTmp'
Building C object CMakeFiles/cmTC_dc53d.dir/CheckFunctionExists.c.o
/usr/bin/cc   -DCHECK_FUNCTION_EXISTS=pthread_create   -o CMakeFiles/cmTC_dc53d.dir/CheckFunctionExists.c.o   -c /usr/share/cmake-3.16/Modules/CheckFunctionExists.c
Linking C executable cmTC_dc53d
/usr/bin/cmake -E cmake_link_script CMakeFiles/cmTC_dc53d.dir/link.txt --verbose=1
/usr/bin/cc  -DCHECK_FUNCTION_EXISTS=pthread_create    -rdynamic CMakeFiles/cmTC_dc53d.dir/CheckFunctionExists.c.o  -o cmTC_dc53d  -lpthreads 
/usr/bin/ld: cannot find -lpthreads
collect2: error: ld returned 1 exit status
make[1]: *** [CMakeFiles/cmTC_dc53d.dir/build.make:87: cmTC_dc53d] Error 1
make[1]: Leaving directory '/home/dinh/catkin_ws/src/ur3e_control/build/CMakeFiles/CMakeTmp'
make: *** [Makefile:121: cmTC_dc53d/fast] Error 2



Performing C SOURCE FILE Test CMAKE_HAVE_LIBC_PTHREAD failed with the following output:
Change Dir: /home/dinh/catkin_ws/src/ur3e_control/build/CMakeFiles/CMakeTmp

Run Build Command(s):/usr/bin/make cmTC_da54e/fast && /usr/bin/make -f CMakeFiles/cmTC_da54e.dir/build.make CMakeFiles/cmTC_da54e.dir/build
make[1]: Entering directory '/home/dinh/catkin_ws/src/ur3e_control/build/CMakeFiles/CMakeTmp'
Building C object CMakeFiles/cmTC_da54e.dir/src.c.o
/usr/bin/cc   -DCMAKE_HAVE_LIBC_PTHREAD   -o CMakeFiles/cmTC_da54e.dir/src.c.o   -c /home/dinh/catkin_ws/src/ur3e_control/build/CMakeFiles/CMakeTmp/src.c
Linking C executable cmTC_da54e
/usr/bin/cmake -E cmake_link_script CMakeFiles/cmTC_da54e.dir/link.txt --verbose=1
/usr/bin/cc  -DCMAKE_HAVE_LIBC_PTHREAD    -rdynamic CMakeFiles/cmTC_da54e.dir/src.c.o  -o cmTC_da54e 
/usr/bin/ld: CMakeFiles/cmTC_da54e.dir/src.c.o: in function `main':
src.c:(.text+0x46): undefined reference to `pthread_create'
/usr/bin/ld: src.c:(.text+0x52): undefined reference to `pthread_detach'
/usr/bin/ld: src.c:(.text+0x63): undefined reference to `pthread_join'
collect2: error: ld returned 1 exit status
make[1]: *** [CMakeFiles/cmTC_da54e.dir/build.make:87: cmTC_da54e] Error 1
make[1]: Leaving directory '/home/dinh/catkin_ws/src/ur3e_control/build/CMakeFiles/CMakeTmp'
make: *** [Makefile:121: cmTC_da54e/fast] Error 2


Source file was:
#include <pthread.h>

void* test_func(void* data)
{
  return data;
}

int main(void)
{
  pthread_t thread;
  pthread_create(&thread, NULL, test_func, NULL);
  pthread_detach(thread);
  pthread_join(thread, NULL);
  pthread_atfork(NULL, NULL, NULL);
  pthread_exit(NULL);

  return 0;
}

Determining if the function pthread_create exists in the pthreads failed with the following output:
Change Dir: /home/dinh/catkin_ws/src/ur3e_control/build/CMakeFiles/CMakeTmp

Run Build Command(s):/usr/bin/make cmTC_0c1ec/fast && /usr/bin/make -f CMakeFiles/cmTC_0c1ec.dir/build.make CMakeFiles/cmTC_0c1ec.dir/build
make[1]: Entering directory '/home/dinh/catkin_ws/src/ur3e_control/build/CMakeFiles/CMakeTmp'
Building C object CMakeFiles/cmTC_0c1ec.dir/CheckFunctionExists.c.o
/usr/bin/cc   -DCHECK_FUNCTION_EXISTS=pthread_create   -o CMakeFiles/cmTC_0c1ec.dir/CheckFunctionExists.c.o   -c /usr/share/cmake-3.16/Modules/CheckFunctionExists.c
Linking C executable cmTC_0c1ec
/usr/bin/cmake -E cmake_link_script CMakeFiles/cmTC_0c1ec.dir/link.txt --verbose=1
/usr/bin/cc  -DCHECK_FUNCTION_EXISTS=pthread_create    -rdynamic CMakeFiles/cmTC_0c1ec.dir/CheckFunctionExists.c.o  -o cmTC_0c1ec  -lpthreads 
/usr/bin/ld: cannot find -lpthreads
collect2: error: ld returned 1 exit status
make[1]: *** [CMakeFiles/cmTC_0c1ec.dir/build.make:87: cmTC_0c1ec] Error 1
make[1]: Leaving directory '/home/dinh/catkin_ws/src/ur3e_control/build/CMakeFiles/CMakeTmp'
make: *** [Makefile:121: cmTC_0c1ec/fast] Error 2



Performing C SOURCE FILE Test CMAKE_HAVE_LIBC_PTHREAD failed with the following output:
Change Dir: /home/dinh/catkin_ws/src/ur3e_control/build/CMakeFiles/CMakeTmp

Run Build Command(s):/usr/bin/make cmTC_bd023/fast && /usr/bin/make -f CMakeFiles/cmTC_bd023.dir/build.make CMakeFiles/cmTC_bd023.dir/build
make[1]: Entering directory '/home/dinh/catkin_ws/src/ur3e_control/build/CMakeFiles/CMakeTmp'
Building C object CMakeFiles/cmTC_bd023.dir/src.c.o
/usr/bin/cc   -DCMAKE_HAVE_LIBC_PTHREAD   -o CMakeFiles/cmTC_bd023.dir/src.c.o   -c /home/dinh/catkin_ws/src/ur3e_control/build/CMakeFiles/CMakeTmp/src.c
Linking C executable cmTC_bd023
/usr/bin/cmake -E cmake_link_script CMakeFiles/cmTC_bd023.dir/link.txt --verbose=1
/usr/bin/cc  -DCMAKE_HAVE_LIBC_PTHREAD    -rdynamic CMakeFiles/cmTC_bd023.dir/src.c.o  -o cmTC_bd023 
/usr/bin/ld: CMakeFiles/cmTC_bd023.dir/src.c.o: in function `main':
src.c:(.text+0x46): undefined reference to `pthread_create'
/usr/bin/ld: src.c:(.text+0x52): undefined reference to `pthread_detach'
/usr/bin/ld: src.c:(.text+0x63): undefined reference to `pthread_join'
collect2: error: ld returned 1 exit status
make[1]: *** [CMakeFiles/cmTC_bd023.dir/build.make:87: cmTC_bd023] Error 1
make[1]: Leaving directory '/home/dinh/catkin_ws/src/ur3e_control/build/CMakeFiles/CMakeTmp'
make: *** [Makefile:121: cmTC_bd023/fast] Error 2


Source file was:
#include <pthread.h>

void* test_func(void* data)
{
  return data;
}

int main(void)
{
  pthread_t thread;
  pthread_create(&thread, NULL, test_func, NULL);
  pthread_detach(thread);
  pthread_join(thread, NULL);
  pthread_atfork(NULL, NULL, NULL);
  pthread_exit(NULL);

  return 0;
}

Determining if the function pthread_create exists in the pthreads failed with the following output:
Change Dir: /home/dinh/catkin_ws/src/ur3e_control/build/CMakeFiles/CMakeTmp

Run Build Command(s):/usr/bin/make cmTC_d65da/fast && /usr/bin/make -f CMakeFiles/cmTC_d65da.dir/build.make CMakeFiles/cmTC_d65da.dir/build
make[1]: Entering directory '/home/dinh/catkin_ws/src/ur3e_control/build/CMakeFiles/CMakeTmp'
Building C object CMakeFiles/cmTC_d65da.dir/CheckFunctionExists.c.o
/usr/bin/cc   -DCHECK_FUNCTION_EXISTS=pthread_create   -o CMakeFiles/cmTC_d65da.dir/CheckFunctionExists.c.o   -c /usr/share/cmake-3.16/Modules/CheckFunctionExists.c
Linking C executable cmTC_d65da
/usr/bin/cmake -E cmake_link_script CMakeFiles/cmTC_d65da.dir/link.txt --verbose=1
/usr/bin/cc  -DCHECK_FUNCTION_EXISTS=pthread_create    -rdynamic CMakeFiles/cmTC_d65da.dir/CheckFunctionExists.c.o  -o cmTC_d65da  -lpthreads 
/usr/bin/ld: cannot find -lpthreads
collect2: error: ld returned 1 exit status
make[1]: *** [CMakeFiles/cmTC_d65da.dir/build.make:87: cmTC_d65da] Error 1
make[1]: Leaving directory '/home/dinh/catkin_ws/src/ur3e_control/build/CMakeFiles/CMakeTmp'
make: *** [Makefile:121: cmTC_d65da/fast] Error 2



Performing C SOURCE FILE Test CMAKE_HAVE_LIBC_PTHREAD failed with the following output:
Change Dir: /home/dinh/catkin_ws/src/ur3e_control/build/CMakeFiles/CMakeTmp

Run Build Command(s):/usr/bin/make cmTC_85952/fast && /usr/bin/make -f CMakeFiles/cmTC_85952.dir/build.make CMakeFiles/cmTC_85952.dir/build
make[1]: Entering directory '/home/dinh/catkin_ws/src/ur3e_control/build/CMakeFiles/CMakeTmp'
Building C object CMakeFiles/cmTC_85952.dir/src.c.o
/usr/bin/cc   -DCMAKE_HAVE_LIBC_PTHREAD   -o CMakeFiles/cmTC_85952.dir/src.c.o   -c /home/dinh/catkin_ws/src/ur3e_control/build/CMakeFiles/CMakeTmp/src.c
Linking C executable cmTC_85952
/usr/bin/cmake -E cmake_link_script CMakeFiles/cmTC_85952.dir/link.txt --verbose=1
/usr/bin/cc  -DCMAKE_HAVE_LIBC_PTHREAD    -rdynamic CMakeFiles/cmTC_85952.dir/src.c.o  -o cmTC_85952 
/usr/bin/ld: CMakeFiles/cmTC_85952.dir/src.c.o: in function `main':
src.c:(.text+0x46): undefined reference to `pthread_create'
/usr/bin/ld: src.c:(.text+0x52): undefined reference to `pthread_detach'
/usr/bin/ld: src.c:(.text+0x63): undefined reference to `pthread_join'
collect2: error: ld returned 1 exit status
make[1]: *** [CMakeFiles/cmTC_85952.dir/build.make:87: cmTC_85952] Error 1
make[1]: Leaving directory '/home/dinh/catkin_ws/src/ur3e_control/build/CMakeFiles/CMakeTmp'
make: *** [Makefile:121: cmTC_85952/fast] Error 2


Source file was:
#include <pthread.h>

void* test_func(void* data)
{
  return data;
}

int main(void)
{
  pthread_t thread;
  pthread_create(&thread, NULL, test_func, NULL);
  pthread_detach(thread);
  pthread_join(thread, NULL);
  pthread_atfork(NULL, NULL, NULL);
  pthread_exit(NULL);

  return 0;
}

Determining if the function pthread_create exists in the pthreads failed with the following output:
Change Dir: /home/dinh/catkin_ws/src/ur3e_control/build/CMakeFiles/CMakeTmp

Run Build Command(s):/usr/bin/make cmTC_6af5f/fast && /usr/bin/make -f CMakeFiles/cmTC_6af5f.dir/build.make CMakeFiles/cmTC_6af5f.dir/build
make[1]: Entering directory '/home/dinh/catkin_ws/src/ur3e_control/build/CMakeFiles/CMakeTmp'
Building C object CMakeFiles/cmTC_6af5f.dir/CheckFunctionExists.c.o
/usr/bin/cc   -DCHECK_FUNCTION_EXISTS=pthread_create   -o CMakeFiles/cmTC_6af5f.dir/CheckFunctionExists.c.o   -c /usr/share/cmake-3.16/Modules/CheckFunctionExists.c
Linking C executable cmTC_6af5f
/usr/bin/cmake -E cmake_link_script CMakeFiles/cmTC_6af5f.dir/link.txt --verbose=1
/usr/bin/cc  -DCHECK_FUNCTION_EXISTS=pthread_create    -rdynamic CMakeFiles/cmTC_6af5f.dir/CheckFunctionExists.c.o  -o cmTC_6af5f  -lpthreads 
/usr/bin/ld: cannot find -lpthreads
collect2: error: ld returned 1 exit status
make[1]: *** [CMakeFiles/cmTC_6af5f.dir/build.make:87: cmTC_6af5f] Error 1
make[1]: Leaving directory '/home/dinh/catkin_ws/src/ur3e_control/build/CMakeFiles/CMakeTmp'
make: *** [Makefile:121: cmTC_6af5f/fast] Error 2



